0:0:0:0:0:0:0:1 - - [20/May/2017:20:37:22 +0800] "GET /services HTTP/1.1" 200 6048
0:0:0:0:0:0:0:1 - - [20/May/2017:20:37:23 +0800] "GET /css/dashboard.css HTTP/1.1" 200 1947
0:0:0:0:0:0:0:1 - - [20/May/2017:20:37:23 +0800] "GET /js/bootstrap.min.js HTTP/1.1" 200 37051
0:0:0:0:0:0:0:1 - - [20/May/2017:20:37:23 +0800] "GET /css/bootstrap.min.css HTTP/1.1" 200 121205
0:0:0:0:0:0:0:1 - - [20/May/2017:20:37:23 +0800] "GET /image/add.png HTTP/1.1" 200 1062
0:0:0:0:0:0:0:1 - - [20/May/2017:20:37:23 +0800] "GET /fonts/glyphicons-halflings-regular.woff2 HTTP/1.1" 200 18028
0:0:0:0:0:0:0:1 - - [20/May/2017:20:37:25 +0800] "GET / HTTP/1.1" 404 306
0:0:0:0:0:0:0:1 - - [20/May/2017:21:47:30 +0800] "GET /login HTTP/1.1" 500 372
0:0:0:0:0:0:0:1 - - [20/May/2017:21:47:31 +0800] "GET /favicon.ico HTTP/1.1" 200 946
0:0:0:0:0:0:0:1 - - [20/May/2017:21:48:44 +0800] "GET /login HTTP/1.1" 500 372
0:0:0:0:0:0:0:1 - - [20/May/2017:21:48:44 +0800] "GET /favicon.ico HTTP/1.1" 200 946
0:0:0:0:0:0:0:1 - - [20/May/2017:21:51:12 +0800] "GET /login HTTP/1.1" 500 372
0:0:0:0:0:0:0:1 - - [20/May/2017:21:51:12 +0800] "GET /favicon.ico HTTP/1.1" 200 946
0:0:0:0:0:0:0:1 - - [20/May/2017:21:53:13 +0800] "GET /login HTTP/1.1" 500 372
0:0:0:0:0:0:0:1 - - [20/May/2017:21:53:13 +0800] "GET /favicon.ico HTTP/1.1" 200 946
0:0:0:0:0:0:0:1 - - [20/May/2017:22:03:06 +0800] "GET /login HTTP/1.1" 500 373
0:0:0:0:0:0:0:1 - - [20/May/2017:22:03:06 +0800] "GET /favicon.ico HTTP/1.1" 200 946
0:0:0:0:0:0:0:1 - - [20/May/2017:22:11:44 +0800] "GET /login HTTP/1.1" 200 3984
0:0:0:0:0:0:0:1 - - [20/May/2017:22:11:45 +0800] "GET /css/indlog.css HTTP/1.1" 200 1566
0:0:0:0:0:0:0:1 - - [20/May/2017:22:11:45 +0800] "GET /css/bootstrap.min.css HTTP/1.1" 200 121205
0:0:0:0:0:0:0:1 - - [20/May/2017:22:11:45 +0800] "GET /js/jquery.js HTTP/1.1" 200 95788
0:0:0:0:0:0:0:1 - - [20/May/2017:22:11:45 +0800] "GET /js/login.js HTTP/1.1" 200 3551
0:0:0:0:0:0:0:1 - - [20/May/2017:22:11:45 +0800] "GET /js/respond.min.js HTTP/1.1" 200 4053
0:0:0:0:0:0:0:1 - - [20/May/2017:22:11:46 +0800] "GET /js/html5shiv.js HTTP/1.1" 404 130
0:0:0:0:0:0:0:1 - - [20/May/2017:22:11:46 +0800] "GET /images/glyphicons-halflings.png HTTP/1.1" 404 146
0:0:0:0:0:0:0:1 - - [20/May/2017:22:11:46 +0800] "GET /favicon.ico HTTP/1.1" 200 946
0:0:0:0:0:0:0:1 - - [20/May/2017:22:14:20 +0800] "GET /login HTTP/1.1" 200 4542
0:0:0:0:0:0:0:1 - - [20/May/2017:22:14:20 +0800] "GET /css/indlog.css HTTP/1.1" 200 1566
0:0:0:0:0:0:0:1 - - [20/May/2017:22:14:20 +0800] "GET /js/jquery.js HTTP/1.1" 200 95788
0:0:0:0:0:0:0:1 - - [20/May/2017:22:14:20 +0800] "GET /js/html5shiv.js HTTP/1.1" 404 130
0:0:0:0:0:0:0:1 - - [20/May/2017:22:14:20 +0800] "GET /css/bootstrap.min.css HTTP/1.1" 200 121205
0:0:0:0:0:0:0:1 - - [20/May/2017:22:14:20 +0800] "GET /js/respond.min.js HTTP/1.1" 200 4053
0:0:0:0:0:0:0:1 - - [20/May/2017:22:14:20 +0800] "GET /js/login.js HTTP/1.1" 200 3551
0:0:0:0:0:0:0:1 - - [20/May/2017:22:14:21 +0800] "GET /js/html5shiv.js HTTP/1.1" 404 130
0:0:0:0:0:0:0:1 - - [20/May/2017:22:14:21 +0800] "GET /images/glyphicons-halflings.png HTTP/1.1" 404 146
0:0:0:0:0:0:0:1 - - [20/May/2017:22:14:21 +0800] "GET /favicon.ico HTTP/1.1" 200 946
0:0:0:0:0:0:0:1 - - [20/May/2017:22:15:04 +0800] "GET /css/bootstrap.min.css HTTP/1.1" 200 121205
0:0:0:0:0:0:0:1 - - [20/May/2017:22:15:04 +0800] "GET /js/jquery.js HTTP/1.1" 200 95788
0:0:0:0:0:0:0:1 - - [20/May/2017:22:15:04 +0800] "GET /login HTTP/1.1" 200 4542
0:0:0:0:0:0:0:1 - - [20/May/2017:22:15:04 +0800] "GET /js/login.js HTTP/1.1" 200 3551
0:0:0:0:0:0:0:1 - - [20/May/2017:22:15:05 +0800] "GET /css/indlog.css HTTP/1.1" 200 1566
0:0:0:0:0:0:0:1 - - [20/May/2017:22:15:05 +0800] "GET /js/respond.min.js HTTP/1.1" 200 4053
0:0:0:0:0:0:0:1 - - [20/May/2017:22:15:05 +0800] "GET /js/html5shiv.js HTTP/1.1" 404 130
0:0:0:0:0:0:0:1 - - [20/May/2017:22:15:05 +0800] "GET /images/glyphicons-halflings.png HTTP/1.1" 404 146
0:0:0:0:0:0:0:1 - - [20/May/2017:22:15:06 +0800] "GET /favicon.ico HTTP/1.1" 200 946
0:0:0:0:0:0:0:1 - - [20/May/2017:22:15:57 +0800] "GET /login HTTP/1.1" 200 4558
0:0:0:0:0:0:0:1 - - [20/May/2017:22:15:57 +0800] "GET /css/bootstrap.min.css HTTP/1.1" 200 121205
0:0:0:0:0:0:0:1 - - [20/May/2017:22:15:57 +0800] "GET /js/jquery.js HTTP/1.1" 200 95788
0:0:0:0:0:0:0:1 - - [20/May/2017:22:15:57 +0800] "GET /js/respond.min.js HTTP/1.1" 200 4053
0:0:0:0:0:0:0:1 - - [20/May/2017:22:15:57 +0800] "GET /css/indlog.css HTTP/1.1" 200 1566
0:0:0:0:0:0:0:1 - - [20/May/2017:22:15:57 +0800] "GET /js/login.js HTTP/1.1" 200 3551
0:0:0:0:0:0:0:1 - - [20/May/2017:22:15:57 +0800] "GET /js/html5shiv.js HTTP/1.1" 404 130
0:0:0:0:0:0:0:1 - - [20/May/2017:22:15:58 +0800] "GET /js/html5shiv.js HTTP/1.1" 404 130
0:0:0:0:0:0:0:1 - - [20/May/2017:22:15:58 +0800] "GET /images/glyphicons-halflings.png HTTP/1.1" 404 146
0:0:0:0:0:0:0:1 - - [20/May/2017:22:15:58 +0800] "GET /favicon.ico HTTP/1.1" 200 946
0:0:0:0:0:0:0:1 - - [20/May/2017:22:16:18 +0800] "GET /login HTTP/1.1" 200 4574
0:0:0:0:0:0:0:1 - - [20/May/2017:22:16:18 +0800] "GET /css/bootstrap.min.css HTTP/1.1" 200 121205
0:0:0:0:0:0:0:1 - - [20/May/2017:22:16:18 +0800] "GET /js/jquery.js HTTP/1.1" 200 95788
0:0:0:0:0:0:0:1 - - [20/May/2017:22:16:18 +0800] "GET /js/html5shiv.js HTTP/1.1" 404 130
0:0:0:0:0:0:0:1 - - [20/May/2017:22:16:18 +0800] "GET /js/respond.min.js HTTP/1.1" 200 4053
0:0:0:0:0:0:0:1 - - [20/May/2017:22:16:18 +0800] "GET /css/indlog.css HTTP/1.1" 200 1566
0:0:0:0:0:0:0:1 - - [20/May/2017:22:16:18 +0800] "GET /js/login.js HTTP/1.1" 200 3551
0:0:0:0:0:0:0:1 - - [20/May/2017:22:16:19 +0800] "GET /js/html5shiv.js HTTP/1.1" 404 130
0:0:0:0:0:0:0:1 - - [20/May/2017:22:16:19 +0800] "GET /images/glyphicons-halflings.png HTTP/1.1" 404 146
0:0:0:0:0:0:0:1 - - [20/May/2017:22:16:19 +0800] "GET /favicon.ico HTTP/1.1" 200 946
0:0:0:0:0:0:0:1 - - [20/May/2017:22:17:49 +0800] "GET /login HTTP/1.1" 200 2474
0:0:0:0:0:0:0:1 - - [20/May/2017:22:17:50 +0800] "GET /js/jquery.js HTTP/1.1" 200 95788
0:0:0:0:0:0:0:1 - - [20/May/2017:22:17:50 +0800] "GET /css/indlog.css HTTP/1.1" 200 1566
0:0:0:0:0:0:0:1 - - [20/May/2017:22:17:50 +0800] "GET /js/respond.min.js HTTP/1.1" 200 4053
0:0:0:0:0:0:0:1 - - [20/May/2017:22:17:50 +0800] "GET /js/html5shiv.js HTTP/1.1" 404 130
0:0:0:0:0:0:0:1 - - [20/May/2017:22:17:50 +0800] "GET /js/login.js HTTP/1.1" 200 3551
0:0:0:0:0:0:0:1 - - [20/May/2017:22:17:50 +0800] "GET /css/bootstrap.min.css HTTP/1.1" 200 121205
0:0:0:0:0:0:0:1 - - [20/May/2017:22:17:50 +0800] "GET /js/html5shiv.js HTTP/1.1" 404 130
0:0:0:0:0:0:0:1 - - [20/May/2017:22:17:50 +0800] "GET /images/glyphicons-halflings.png HTTP/1.1" 404 146
0:0:0:0:0:0:0:1 - - [20/May/2017:22:17:50 +0800] "GET /favicon.ico HTTP/1.1" 200 946
0:0:0:0:0:0:0:1 - - [20/May/2017:22:18:52 +0800] "GET /login HTTP/1.1" 200 2474
0:0:0:0:0:0:0:1 - - [20/May/2017:22:18:52 +0800] "GET /css/indlog.css HTTP/1.1" 200 1565
0:0:0:0:0:0:0:1 - - [20/May/2017:22:18:52 +0800] "GET /css/bootstrap.min.css HTTP/1.1" 200 121205
0:0:0:0:0:0:0:1 - - [20/May/2017:22:18:52 +0800] "GET /js/respond.min.js HTTP/1.1" 200 4053
0:0:0:0:0:0:0:1 - - [20/May/2017:22:18:53 +0800] "GET /js/login.js HTTP/1.1" 200 3551
0:0:0:0:0:0:0:1 - - [20/May/2017:22:18:53 +0800] "GET /js/jquery.js HTTP/1.1" 200 95788
0:0:0:0:0:0:0:1 - - [20/May/2017:22:18:53 +0800] "GET /js/html5shiv.js HTTP/1.1" 404 130
0:0:0:0:0:0:0:1 - - [20/May/2017:22:18:53 +0800] "GET /js/html5shiv.js HTTP/1.1" 404 130
0:0:0:0:0:0:0:1 - - [20/May/2017:22:18:53 +0800] "GET /images/glyphicons-halflings.png HTTP/1.1" 404 146
0:0:0:0:0:0:0:1 - - [20/May/2017:22:18:53 +0800] "GET /favicon.ico HTTP/1.1" 200 946
0:0:0:0:0:0:0:1 - - [20/May/2017:22:20:04 +0800] "GET / HTTP/1.1" 404 306
0:0:0:0:0:0:0:1 - - [20/May/2017:22:26:55 +0800] "GET / HTTP/1.1" 404 306
0:0:0:0:0:0:0:1 - - [20/May/2017:22:26:56 +0800] "GET /favicon.ico HTTP/1.1" 200 946
0:0:0:0:0:0:0:1 - - [20/May/2017:22:29:04 +0800] "GET /login HTTP/1.1" 404 306
0:0:0:0:0:0:0:1 - - [20/May/2017:22:29:04 +0800] "GET /favicon.ico HTTP/1.1" 200 946
0:0:0:0:0:0:0:1 - - [20/May/2017:22:29:07 +0800] "GET /login HTTP/1.1" 404 306
0:0:0:0:0:0:0:1 - - [20/May/2017:22:29:07 +0800] "GET /favicon.ico HTTP/1.1" 200 946
0:0:0:0:0:0:0:1 - - [20/May/2017:22:29:18 +0800] "GET /login HTTP/1.1" 404 306
0:0:0:0:0:0:0:1 - - [20/May/2017:22:29:18 +0800] "GET /favicon.ico HTTP/1.1" 200 946
0:0:0:0:0:0:0:1 - - [20/May/2017:22:29:34 +0800] "GET /services HTTP/1.1" 200 6048
0:0:0:0:0:0:0:1 - - [20/May/2017:22:29:34 +0800] "GET /css/bootstrap.min.css HTTP/1.1" 200 121205
0:0:0:0:0:0:0:1 - - [20/May/2017:22:29:34 +0800] "GET /css/dashboard.css HTTP/1.1" 200 1947
0:0:0:0:0:0:0:1 - - [20/May/2017:22:29:34 +0800] "GET /js/bootstrap.min.js HTTP/1.1" 200 37051
0:0:0:0:0:0:0:1 - - [20/May/2017:22:29:34 +0800] "GET /image/add.png HTTP/1.1" 200 1062
0:0:0:0:0:0:0:1 - - [20/May/2017:22:29:34 +0800] "GET /fonts/glyphicons-halflings-regular.woff2 HTTP/1.1" 200 18028
0:0:0:0:0:0:0:1 - - [20/May/2017:22:29:41 +0800] "GET /login HTTP/1.1" 404 306
0:0:0:0:0:0:0:1 - - [20/May/2017:22:30:11 +0800] "GET / HTTP/1.1" 404 306
0:0:0:0:0:0:0:1 - - [20/May/2017:22:30:50 +0800] "GET / HTTP/1.1" 404 306
0:0:0:0:0:0:0:1 - - [20/May/2017:22:30:50 +0800] "GET /favicon.ico HTTP/1.1" 200 946
0:0:0:0:0:0:0:1 - - [20/May/2017:22:31:49 +0800] "GET /index/index HTTP/1.1" 404 306
0:0:0:0:0:0:0:1 - - [20/May/2017:22:31:54 +0800] "GET /index/login HTTP/1.1" 404 306
0:0:0:0:0:0:0:1 - - [20/May/2017:22:31:59 +0800] "GET /index HTTP/1.1" 404 306
0:0:0:0:0:0:0:1 - - [20/May/2017:22:37:32 +0800] "GET /index HTTP/1.1" 404 306
0:0:0:0:0:0:0:1 - - [20/May/2017:22:37:32 +0800] "GET /favicon.ico HTTP/1.1" 200 946
0:0:0:0:0:0:0:1 - - [20/May/2017:22:37:38 +0800] "GET /index HTTP/1.1" 404 306
0:0:0:0:0:0:0:1 - - [20/May/2017:22:37:38 +0800] "GET /favicon.ico HTTP/1.1" 200 946
0:0:0:0:0:0:0:1 - - [20/May/2017:22:37:43 +0800] "GET /index HTTP/1.1" 404 306
0:0:0:0:0:0:0:1 - - [20/May/2017:22:37:43 +0800] "GET /favicon.ico HTTP/1.1" 200 946
0:0:0:0:0:0:0:1 - - [20/May/2017:22:37:57 +0800] "GET /services HTTP/1.1" 200 6048
0:0:0:0:0:0:0:1 - - [20/May/2017:22:37:57 +0800] "GET /css/dashboard.css HTTP/1.1" 200 1947
0:0:0:0:0:0:0:1 - - [20/May/2017:22:37:57 +0800] "GET /css/bootstrap.min.css HTTP/1.1" 200 121205
0:0:0:0:0:0:0:1 - - [20/May/2017:22:37:57 +0800] "GET /js/bootstrap.min.js HTTP/1.1" 200 37051
0:0:0:0:0:0:0:1 - - [20/May/2017:22:37:57 +0800] "GET /image/add.png HTTP/1.1" 200 1062
0:0:0:0:0:0:0:1 - - [20/May/2017:22:37:58 +0800] "GET /fonts/glyphicons-halflings-regular.woff2 HTTP/1.1" 200 18028
0:0:0:0:0:0:0:1 - - [20/May/2017:22:38:01 +0800] "GET /demands HTTP/1.1" 200 3480
0:0:0:0:0:0:0:1 - - [20/May/2017:22:38:01 +0800] "GET /css/bootstrap.min.css HTTP/1.1" 200 121205
0:0:0:0:0:0:0:1 - - [20/May/2017:22:38:01 +0800] "GET /image/add.png HTTP/1.1" 200 1062
0:0:0:0:0:0:0:1 - - [20/May/2017:22:38:01 +0800] "GET /css/dashboard.css HTTP/1.1" 200 1947
0:0:0:0:0:0:0:1 - - [20/May/2017:22:38:01 +0800] "GET /js/bootstrap.min.js HTTP/1.1" 200 37051
0:0:0:0:0:0:0:1 - - [20/May/2017:22:38:01 +0800] "GET /fonts/glyphicons-halflings-regular.woff2 HTTP/1.1" 200 18028
0:0:0:0:0:0:0:1 - - [20/May/2017:22:38:02 +0800] "GET /orders HTTP/1.1" 200 4404
0:0:0:0:0:0:0:1 - - [20/May/2017:22:38:02 +0800] "GET /css/bootstrap.min.css HTTP/1.1" 200 121205
0:0:0:0:0:0:0:1 - - [20/May/2017:22:38:02 +0800] "GET /css/dashboard.css HTTP/1.1" 200 1947
0:0:0:0:0:0:0:1 - - [20/May/2017:22:38:02 +0800] "GET /image/add.png HTTP/1.1" 200 1062
0:0:0:0:0:0:0:1 - - [20/May/2017:22:38:02 +0800] "GET /js/bootstrap.min.js HTTP/1.1" 200 37051
0:0:0:0:0:0:0:1 - - [20/May/2017:22:38:03 +0800] "GET /fonts/glyphicons-halflings-regular.woff2 HTTP/1.1" 200 18028
0:0:0:0:0:0:0:1 - - [20/May/2017:22:38:03 +0800] "GET /users HTTP/1.1" 200 3363
0:0:0:0:0:0:0:1 - - [20/May/2017:22:38:03 +0800] "GET /js/bootstrap.min.js HTTP/1.1" 200 37051
0:0:0:0:0:0:0:1 - - [20/May/2017:22:38:03 +0800] "GET /css/dashboard.css HTTP/1.1" 200 1947
0:0:0:0:0:0:0:1 - - [20/May/2017:22:38:03 +0800] "GET /css/bootstrap.min.css HTTP/1.1" 200 121205
0:0:0:0:0:0:0:1 - - [20/May/2017:22:38:04 +0800] "GET /fonts/glyphicons-halflings-regular.woff2 HTTP/1.1" 200 18028
0:0:0:0:0:0:0:1 - - [20/May/2017:22:38:08 +0800] "GET / HTTP/1.1" 404 306
0:0:0:0:0:0:0:1 - - [20/May/2017:22:38:09 +0800] "GET /css/dashboard.css HTTP/1.1" 200 1947
0:0:0:0:0:0:0:1 - - [20/May/2017:22:38:09 +0800] "GET /css/bootstrap.min.css HTTP/1.1" 200 121205
0:0:0:0:0:0:0:1 - - [20/May/2017:22:38:19 +0800] "GET /users/publish HTTP/1.1" 400 470
0:0:0:0:0:0:0:1 - - [20/May/2017:22:38:20 +0800] "GET /css/dashboard.css HTTP/1.1" 200 1947
0:0:0:0:0:0:0:1 - - [20/May/2017:22:38:20 +0800] "GET /css/bootstrap.min.css HTTP/1.1" 200 121205
0:0:0:0:0:0:0:1 - - [20/May/2017:23:03:17 +0800] "GET /users HTTP/1.1" 200 3363
0:0:0:0:0:0:0:1 - - [20/May/2017:23:03:17 +0800] "GET /css/bootstrap.min.css HTTP/1.1" 200 121205
0:0:0:0:0:0:0:1 - - [20/May/2017:23:03:17 +0800] "GET /js/bootstrap.min.js HTTP/1.1" 200 37051
0:0:0:0:0:0:0:1 - - [20/May/2017:23:03:17 +0800] "GET /css/dashboard.css HTTP/1.1" 200 1947
0:0:0:0:0:0:0:1 - - [20/May/2017:23:03:17 +0800] "GET /fonts/glyphicons-halflings-regular.woff2 HTTP/1.1" 200 18028
0:0:0:0:0:0:0:1 - - [20/May/2017:23:03:18 +0800] "GET /favicon.ico HTTP/1.1" 200 946
0:0:0:0:0:0:0:1 - - [20/May/2017:23:03:25 +0800] "GET / HTTP/1.1" 404 306
0:0:0:0:0:0:0:1 - - [20/May/2017:23:04:53 +0800] "GET / HTTP/1.1" 404 306
0:0:0:0:0:0:0:1 - - [20/May/2017:23:04:53 +0800] "GET /favicon.ico HTTP/1.1" 200 946
0:0:0:0:0:0:0:1 - - [20/May/2017:23:06:00 +0800] "GET / HTTP/1.1" 404 306
0:0:0:0:0:0:0:1 - - [20/May/2017:23:06:00 +0800] "GET /favicon.ico HTTP/1.1" 200 946
0:0:0:0:0:0:0:1 - - [20/May/2017:23:15:28 +0800] "GET / HTTP/1.1" 500 444
0:0:0:0:0:0:0:1 - - [20/May/2017:23:15:28 +0800] "GET /favicon.ico HTTP/1.1" 200 946
0:0:0:0:0:0:0:1 - - [20/May/2017:23:15:41 +0800] "GET /login HTTP/1.1" 200 2473
0:0:0:0:0:0:0:1 - - [20/May/2017:23:15:41 +0800] "GET /css/indlog.css HTTP/1.1" 200 1566
0:0:0:0:0:0:0:1 - - [20/May/2017:23:15:41 +0800] "GET /js/respond.min.js HTTP/1.1" 200 4053
0:0:0:0:0:0:0:1 - - [20/May/2017:23:15:41 +0800] "GET /js/login.js HTTP/1.1" 200 3551
0:0:0:0:0:0:0:1 - - [20/May/2017:23:15:41 +0800] "GET /js/jquery.js HTTP/1.1" 200 95788
0:0:0:0:0:0:0:1 - - [20/May/2017:23:15:41 +0800] "GET /css/bootstrap.min.css HTTP/1.1" 200 121205
0:0:0:0:0:0:0:1 - - [20/May/2017:23:15:42 +0800] "GET /js/html5shiv.js HTTP/1.1" 404 130
0:0:0:0:0:0:0:1 - - [20/May/2017:23:15:42 +0800] "GET /images/glyphicons-halflings.png HTTP/1.1" 404 146
0:0:0:0:0:0:0:1 - - [20/May/2017:23:17:24 +0800] "GET /index HTTP/1.1" 404 306
0:0:0:0:0:0:0:1 - - [20/May/2017:23:18:41 +0800] "GET /login HTTP/1.1" 200 2473
0:0:0:0:0:0:0:1 - - [20/May/2017:23:18:42 +0800] "GET /js/login.js HTTP/1.1" 200 3551
0:0:0:0:0:0:0:1 - - [20/May/2017:23:18:42 +0800] "GET /js/respond.min.js HTTP/1.1" 200 4053
0:0:0:0:0:0:0:1 - - [20/May/2017:23:18:42 +0800] "GET /js/jquery.js HTTP/1.1" 200 95788
0:0:0:0:0:0:0:1 - - [20/May/2017:23:18:42 +0800] "GET /css/bootstrap.min.css HTTP/1.1" 200 121205
0:0:0:0:0:0:0:1 - - [20/May/2017:23:18:42 +0800] "GET /css/indlog.css HTTP/1.1" 200 1566
0:0:0:0:0:0:0:1 - - [20/May/2017:23:18:42 +0800] "GET /js/html5shiv.js HTTP/1.1" 404 130
0:0:0:0:0:0:0:1 - - [20/May/2017:23:18:43 +0800] "GET /images/glyphicons-halflings.png HTTP/1.1" 404 146
0:0:0:0:0:0:0:1 - - [20/May/2017:23:18:43 +0800] "GET /favicon.ico HTTP/1.1" 200 946
0:0:0:0:0:0:0:1 - - [20/May/2017:23:18:48 +0800] "GET /index HTTP/1.1" 500 372
0:0:0:0:0:0:0:1 - - [20/May/2017:23:34:56 +0800] "GET /index HTTP/1.1" 500 372
0:0:0:0:0:0:0:1 - - [20/May/2017:23:34:57 +0800] "GET /favicon.ico HTTP/1.1" 200 946
0:0:0:0:0:0:0:1 - - [20/May/2017:23:35:07 +0800] "GET /index HTTP/1.1" 500 372
0:0:0:0:0:0:0:1 - - [20/May/2017:23:35:07 +0800] "GET /favicon.ico HTTP/1.1" 200 946
0:0:0:0:0:0:0:1 - - [20/May/2017:23:35:12 +0800] "GET /index HTTP/1.1" 500 372
0:0:0:0:0:0:0:1 - - [20/May/2017:23:35:12 +0800] "GET /favicon.ico HTTP/1.1" 200 946
0:0:0:0:0:0:0:1 - - [20/May/2017:23:50:38 +0800] "GET /index HTTP/1.1" 500 374
0:0:0:0:0:0:0:1 - - [20/May/2017:23:50:38 +0800] "GET /favicon.ico HTTP/1.1" 200 946
0:0:0:0:0:0:0:1 - - [20/May/2017:23:51:23 +0800] "GET /index HTTP/1.1" 500 374
0:0:0:0:0:0:0:1 - - [20/May/2017:23:51:23 +0800] "GET /favicon.ico HTTP/1.1" 200 946
0:0:0:0:0:0:0:1 - - [20/May/2017:23:51:56 +0800] "GET /css/bootstrap.min.css HTTP/1.1" 200 121205
0:0:0:0:0:0:0:1 - - [20/May/2017:23:51:56 +0800] "GET /css/matrix-style.css HTTP/1.1" 200 47006
0:0:0:0:0:0:0:1 - - [20/May/2017:23:51:56 +0800] "GET /css/matrix-media.css HTTP/1.1" 200 3216
0:0:0:0:0:0:0:1 - - [20/May/2017:23:51:57 +0800] "GET /css/bootstrap-datetimepicker.min.css HTTP/1.1" 200 11242
0:0:0:0:0:0:0:1 - - [20/May/2017:23:51:57 +0800] "GET /index HTTP/1.1" 200 33965
0:0:0:0:0:0:0:1 - - [20/May/2017:23:51:57 +0800] "GET /images/logo-lg.png HTTP/1.1" 404 133
0:0:0:0:0:0:0:1 - - [20/May/2017:23:51:57 +0800] "GET /images/breadcrumb.png HTTP/1.1" 404 136
0:0:0:0:0:0:0:1 - - [20/May/2017:23:51:57 +0800] "GET /images/l-iconbg.png HTTP/1.1" 404 134
0:0:0:0:0:0:0:1 - - [20/May/2017:23:51:57 +0800] "GET /fonts/glyphicons-halflings-regular.woff2 HTTP/1.1" 200 18028
0:0:0:0:0:0:0:1 - - [20/May/2017:23:51:58 +0800] "GET /app/js/jquery.min.js HTTP/1.1" 404 135
0:0:0:0:0:0:0:1 - - [20/May/2017:23:51:58 +0800] "GET /app/js/bootstrap.min.js HTTP/1.1" 404 138
0:0:0:0:0:0:0:1 - - [20/May/2017:23:51:58 +0800] "GET /app/js/matrix.js HTTP/1.1" 404 131
0:0:0:0:0:0:0:1 - - [20/May/2017:23:51:58 +0800] "GET /app/js/bootstrap-datetimepicker.js HTTP/1.1" 404 149
0:0:0:0:0:0:0:1 - - [20/May/2017:23:51:58 +0800] "GET /app/js/bootstrap-datetimepicker.zh-CN.js HTTP/1.1" 404 155
0:0:0:0:0:0:0:1 - - [20/May/2017:23:51:58 +0800] "GET /app/js/jquery.dataTables.min.js HTTP/1.1" 404 146
0:0:0:0:0:0:0:1 - - [20/May/2017:23:51:58 +0800] "GET /app/js/matrix.tables.js HTTP/1.1" 404 138
0:0:0:0:0:0:0:1 - - [20/May/2017:23:51:58 +0800] "GET /app/js/jquery.min.js HTTP/1.1" 404 135
0:0:0:0:0:0:0:1 - - [20/May/2017:23:51:58 +0800] "GET /app/js/matrix.js HTTP/1.1" 404 131
0:0:0:0:0:0:0:1 - - [20/May/2017:23:51:59 +0800] "GET /app/js/jquery.dataTables.min.js HTTP/1.1" 404 146
0:0:0:0:0:0:0:1 - - [20/May/2017:23:51:59 +0800] "GET /app/js/bootstrap-datetimepicker.js HTTP/1.1" 404 149
0:0:0:0:0:0:0:1 - - [20/May/2017:23:51:59 +0800] "GET /app/js/bootstrap.min.js HTTP/1.1" 404 138
0:0:0:0:0:0:0:1 - - [20/May/2017:23:51:59 +0800] "GET /app/js/bootstrap-datetimepicker.zh-CN.js HTTP/1.1" 404 155
0:0:0:0:0:0:0:1 - - [20/May/2017:23:51:59 +0800] "GET /app/js/matrix.tables.js HTTP/1.1" 404 138
0:0:0:0:0:0:0:1 - - [20/May/2017:23:51:59 +0800] "GET /favicon.ico HTTP/1.1" 200 946
