0:0:0:0:0:0:0:1 - - [19/May/2017:01:37:06 +0800] "GET / HTTP/1.1" 404 306
0:0:0:0:0:0:0:1 - - [19/May/2017:01:37:19 +0800] "GET /services HTTP/1.1" 200 6048
0:0:0:0:0:0:0:1 - - [19/May/2017:01:37:19 +0800] "GET /css/dashboard.css HTTP/1.1" 200 1947
0:0:0:0:0:0:0:1 - - [19/May/2017:01:37:20 +0800] "GET /css/bootstrap.min.css HTTP/1.1" 200 121205
0:0:0:0:0:0:0:1 - - [19/May/2017:01:37:20 +0800] "GET /image/add.png HTTP/1.1" 200 1062
0:0:0:0:0:0:0:1 - - [19/May/2017:01:37:20 +0800] "GET /js/bootstrap.min.js HTTP/1.1" 200 37051
0:0:0:0:0:0:0:1 - - [19/May/2017:01:37:20 +0800] "GET /fonts/glyphicons-halflings-regular.woff2 HTTP/1.1" 200 18028
0:0:0:0:0:0:0:1 - - [19/May/2017:01:37:33 +0800] "GET /demands HTTP/1.1" 200 3480
0:0:0:0:0:0:0:1 - - [19/May/2017:01:37:33 +0800] "GET /css/dashboard.css HTTP/1.1" 200 1947
0:0:0:0:0:0:0:1 - - [19/May/2017:01:37:33 +0800] "GET /image/add.png HTTP/1.1" 200 1062
0:0:0:0:0:0:0:1 - - [19/May/2017:01:37:33 +0800] "GET /css/bootstrap.min.css HTTP/1.1" 200 121205
0:0:0:0:0:0:0:1 - - [19/May/2017:01:37:33 +0800] "GET /js/bootstrap.min.js HTTP/1.1" 200 37051
0:0:0:0:0:0:0:1 - - [19/May/2017:01:37:33 +0800] "GET /fonts/glyphicons-halflings-regular.woff2 HTTP/1.1" 200 18028
0:0:0:0:0:0:0:1 - - [19/May/2017:01:37:34 +0800] "GET /orders HTTP/1.1" 200 4404
0:0:0:0:0:0:0:1 - - [19/May/2017:01:37:34 +0800] "GET /css/dashboard.css HTTP/1.1" 200 1947
0:0:0:0:0:0:0:1 - - [19/May/2017:01:37:34 +0800] "GET /css/bootstrap.min.css HTTP/1.1" 200 121205
0:0:0:0:0:0:0:1 - - [19/May/2017:01:37:34 +0800] "GET /image/add.png HTTP/1.1" 200 1062
0:0:0:0:0:0:0:1 - - [19/May/2017:01:37:34 +0800] "GET /js/bootstrap.min.js HTTP/1.1" 200 37051
0:0:0:0:0:0:0:1 - - [19/May/2017:01:37:35 +0800] "GET /fonts/glyphicons-halflings-regular.woff2 HTTP/1.1" 200 18028
0:0:0:0:0:0:0:1 - - [19/May/2017:01:37:36 +0800] "GET /users HTTP/1.1" 200 3363
0:0:0:0:0:0:0:1 - - [19/May/2017:01:37:36 +0800] "GET /css/dashboard.css HTTP/1.1" 200 1947
0:0:0:0:0:0:0:1 - - [19/May/2017:01:37:36 +0800] "GET /css/bootstrap.min.css HTTP/1.1" 200 121205
0:0:0:0:0:0:0:1 - - [19/May/2017:01:37:36 +0800] "GET /js/bootstrap.min.js HTTP/1.1" 200 37051
0:0:0:0:0:0:0:1 - - [19/May/2017:01:37:36 +0800] "GET /fonts/glyphicons-halflings-regular.woff2 HTTP/1.1" 200 18028
0:0:0:0:0:0:0:1 - - [19/May/2017:01:37:38 +0800] "GET /users/publish HTTP/1.1" 400 470
0:0:0:0:0:0:0:1 - - [19/May/2017:01:37:41 +0800] "GET /js/bootstrap.min.js HTTP/1.1" 200 37051
0:0:0:0:0:0:0:1 - - [19/May/2017:01:37:44 +0800] "GET /orders HTTP/1.1" 200 4404
0:0:0:0:0:0:0:1 - - [19/May/2017:01:37:44 +0800] "GET /css/bootstrap.min.css HTTP/1.1" 200 121205
0:0:0:0:0:0:0:1 - - [19/May/2017:01:37:44 +0800] "GET /css/dashboard.css HTTP/1.1" 200 1947
0:0:0:0:0:0:0:1 - - [19/May/2017:01:37:45 +0800] "GET /image/add.png HTTP/1.1" 200 1062
0:0:0:0:0:0:0:1 - - [19/May/2017:01:37:45 +0800] "GET /js/bootstrap.min.js HTTP/1.1" 200 37051
0:0:0:0:0:0:0:1 - - [19/May/2017:01:37:45 +0800] "GET /fonts/glyphicons-halflings-regular.woff2 HTTP/1.1" 200 18028
0:0:0:0:0:0:0:1 - - [19/May/2017:01:37:46 +0800] "GET /orders/publish HTTP/1.1" 200 5801
0:0:0:0:0:0:0:1 - - [19/May/2017:01:37:46 +0800] "GET /css/bootstrap.min.css HTTP/1.1" 200 121205
0:0:0:0:0:0:0:1 - - [19/May/2017:01:37:46 +0800] "GET /js/jquery-1.10.2.min.js HTTP/1.1" 200 93068
0:0:0:0:0:0:0:1 - - [19/May/2017:01:37:46 +0800] "GET /js/bootstrap.min.js HTTP/1.1" 200 37051
0:0:0:0:0:0:0:1 - - [19/May/2017:01:37:52 +0800] "GET /css/dashboard.css HTTP/1.1" 200 1947
0:0:0:0:0:0:0:1 - - [19/May/2017:01:37:52 +0800] "GET /css/bootstrap.min.css HTTP/1.1" 200 121205
0:0:0:0:0:0:0:1 - - [19/May/2017:01:37:52 +0800] "GET /image/add.png HTTP/1.1" 200 1062
0:0:0:0:0:0:0:1 - - [19/May/2017:01:37:52 +0800] "GET /fonts/glyphicons-halflings-regular.woff2 HTTP/1.1" 200 18028
