0:0:0:0:0:0:0:1 - - [22/May/2017:00:07:04 +0800] "GET /demands HTTP/1.1" 200 10045
0:0:0:0:0:0:0:1 - - [22/May/2017:00:07:04 +0800] "GET /js/bootstrap.min.js HTTP/1.1" 200 37051
0:0:0:0:0:0:0:1 - - [22/May/2017:00:07:04 +0800] "GET /css/bootstrap.min.css HTTP/1.1" 200 121205
0:0:0:0:0:0:0:1 - - [22/May/2017:00:07:04 +0800] "GET /css/matrix-style.css HTTP/1.1" 200 47006
0:0:0:0:0:0:0:1 - - [22/May/2017:00:07:04 +0800] "GET /css/dashboard.css HTTP/1.1" 200 1647
0:0:0:0:0:0:0:1 - - [22/May/2017:00:07:05 +0800] "GET /app/css/bootstrap-datetimepicker.min.css HTTP/1.1" 404 155
0:0:0:0:0:0:0:1 - - [22/May/2017:00:07:05 +0800] "GET /fonts/glyphicons-halflings-regular.woff2 HTTP/1.1" 200 18028
0:0:0:0:0:0:0:1 - - [22/May/2017:00:12:45 +0800] "GET /demands HTTP/1.1" 200 10073
0:0:0:0:0:0:0:1 - - [22/May/2017:00:12:45 +0800] "GET /css/bootstrap.min.css HTTP/1.1" 200 121205
0:0:0:0:0:0:0:1 - - [22/May/2017:00:12:45 +0800] "GET /css/dashboard.css HTTP/1.1" 200 1647
0:0:0:0:0:0:0:1 - - [22/May/2017:00:12:45 +0800] "GET /css/matrix-style.css HTTP/1.1" 200 47006
0:0:0:0:0:0:0:1 - - [22/May/2017:00:12:45 +0800] "GET /js/bootstrap.min.js HTTP/1.1" 200 37051
0:0:0:0:0:0:0:1 - - [22/May/2017:00:12:45 +0800] "GET /app/css/bootstrap-datetimepicker.min.css HTTP/1.1" 404 155
0:0:0:0:0:0:0:1 - - [22/May/2017:00:12:45 +0800] "GET /fonts/glyphicons-halflings-regular.woff2 HTTP/1.1" 200 18028
0:0:0:0:0:0:0:1 - - [22/May/2017:00:12:50 +0800] "GET /demands/details1 HTTP/1.1" 400 471
0:0:0:0:0:0:0:1 - - [22/May/2017:00:13:41 +0800] "GET /css/dashboard.css HTTP/1.1" 200 1647
0:0:0:0:0:0:0:1 - - [22/May/2017:00:13:41 +0800] "GET /js/bootstrap.min.js HTTP/1.1" 200 37051
0:0:0:0:0:0:0:1 - - [22/May/2017:00:13:41 +0800] "GET /css/matrix-style.css HTTP/1.1" 200 47006
0:0:0:0:0:0:0:1 - - [22/May/2017:00:13:41 +0800] "GET /css/bootstrap.min.css HTTP/1.1" 200 121205
0:0:0:0:0:0:0:1 - - [22/May/2017:00:13:41 +0800] "GET /app/css/bootstrap-datetimepicker.min.css HTTP/1.1" 404 155
0:0:0:0:0:0:0:1 - - [22/May/2017:00:13:41 +0800] "GET /fonts/glyphicons-halflings-regular.woff2 HTTP/1.1" 200 18028
0:0:0:0:0:0:0:1 - - [22/May/2017:00:14:32 +0800] "GET /demands HTTP/1.1" 200 10077
0:0:0:0:0:0:0:1 - - [22/May/2017:00:14:32 +0800] "GET /css/matrix-style.css HTTP/1.1" 200 47006
0:0:0:0:0:0:0:1 - - [22/May/2017:00:14:32 +0800] "GET /css/dashboard.css HTTP/1.1" 200 1647
0:0:0:0:0:0:0:1 - - [22/May/2017:00:14:32 +0800] "GET /app/css/bootstrap-datetimepicker.min.css HTTP/1.1" 404 155
0:0:0:0:0:0:0:1 - - [22/May/2017:00:14:33 +0800] "GET /js/bootstrap.min.js HTTP/1.1" 200 37051
0:0:0:0:0:0:0:1 - - [22/May/2017:00:14:33 +0800] "GET /css/bootstrap.min.css HTTP/1.1" 200 121205
0:0:0:0:0:0:0:1 - - [22/May/2017:00:14:33 +0800] "GET /fonts/glyphicons-halflings-regular.woff2 HTTP/1.1" 200 18028
0:0:0:0:0:0:0:1 - - [22/May/2017:00:14:36 +0800] "GET /demands/details/1 HTTP/1.1" 500 381
0:0:0:0:0:0:0:1 - - [22/May/2017:00:15:02 +0800] "GET /demands/details/1 HTTP/1.1" 500 381
0:0:0:0:0:0:0:1 - - [22/May/2017:00:15:02 +0800] "GET /favicon.ico HTTP/1.1" 200 946
0:0:0:0:0:0:0:1 - - [22/May/2017:00:16:10 +0800] "GET /demands/details/1 HTTP/1.1" 500 381
0:0:0:0:0:0:0:1 - - [22/May/2017:00:16:10 +0800] "GET /favicon.ico HTTP/1.1" 200 946
0:0:0:0:0:0:0:1 - - [22/May/2017:00:16:45 +0800] "GET /demands/details/1 HTTP/1.1" 500 381
0:0:0:0:0:0:0:1 - - [22/May/2017:00:16:46 +0800] "GET /favicon.ico HTTP/1.1" 200 946
0:0:0:0:0:0:0:1 - - [22/May/2017:00:16:48 +0800] "GET /demands/details/1 HTTP/1.1" 500 381
0:0:0:0:0:0:0:1 - - [22/May/2017:00:16:48 +0800] "GET /favicon.ico HTTP/1.1" 200 946
0:0:0:0:0:0:0:1 - - [22/May/2017:00:17:10 +0800] "GET /demands/details/1 HTTP/1.1" 500 381
0:0:0:0:0:0:0:1 - - [22/May/2017:00:17:10 +0800] "GET /favicon.ico HTTP/1.1" 200 946
0:0:0:0:0:0:0:1 - - [22/May/2017:00:18:21 +0800] "GET /demands/details/1 HTTP/1.1" 500 381
0:0:0:0:0:0:0:1 - - [22/May/2017:00:18:21 +0800] "GET /favicon.ico HTTP/1.1" 200 946
0:0:0:0:0:0:0:1 - - [22/May/2017:00:19:50 +0800] "GET /demands/details/1 HTTP/1.1" 500 381
0:0:0:0:0:0:0:1 - - [22/May/2017:00:19:51 +0800] "GET /favicon.ico HTTP/1.1" 200 946
0:0:0:0:0:0:0:1 - - [22/May/2017:00:22:20 +0800] "GET /demands/details/1 HTTP/1.1" 500 381
0:0:0:0:0:0:0:1 - - [22/May/2017:00:22:21 +0800] "GET /favicon.ico HTTP/1.1" 200 946
0:0:0:0:0:0:0:1 - - [22/May/2017:00:22:29 +0800] "GET /demands/details HTTP/1.1" 400 470
0:0:0:0:0:0:0:1 - - [22/May/2017:00:22:36 +0800] "GET /demands HTTP/1.1" 200 10077
0:0:0:0:0:0:0:1 - - [22/May/2017:00:22:37 +0800] "GET /css/dashboard.css HTTP/1.1" 200 1647
0:0:0:0:0:0:0:1 - - [22/May/2017:00:22:37 +0800] "GET /css/bootstrap.min.css HTTP/1.1" 200 121205
0:0:0:0:0:0:0:1 - - [22/May/2017:00:22:37 +0800] "GET /css/matrix-style.css HTTP/1.1" 200 47006
0:0:0:0:0:0:0:1 - - [22/May/2017:00:22:37 +0800] "GET /js/bootstrap.min.js HTTP/1.1" 200 37051
0:0:0:0:0:0:0:1 - - [22/May/2017:00:22:37 +0800] "GET /app/css/bootstrap-datetimepicker.min.css HTTP/1.1" 404 155
0:0:0:0:0:0:0:1 - - [22/May/2017:00:22:38 +0800] "GET /fonts/glyphicons-halflings-regular.woff2 HTTP/1.1" 200 18028
0:0:0:0:0:0:0:1 - - [22/May/2017:00:22:39 +0800] "GET /demands/details/1 HTTP/1.1" 500 384
0:0:0:0:0:0:0:1 - - [22/May/2017:00:23:30 +0800] "GET /demands/details/1 HTTP/1.1" 200 14458
0:0:0:0:0:0:0:1 - - [22/May/2017:00:23:30 +0800] "GET /css/bootstrap.min.css HTTP/1.1" 200 121205
0:0:0:0:0:0:0:1 - - [22/May/2017:00:23:30 +0800] "GET /js/bootstrap.min.js HTTP/1.1" 200 37051
0:0:0:0:0:0:0:1 - - [22/May/2017:00:23:30 +0800] "GET /js/matrix.js HTTP/1.1" 200 3805
0:0:0:0:0:0:0:1 - - [22/May/2017:00:23:30 +0800] "GET /css/matrix-media.css HTTP/1.1" 200 3216
0:0:0:0:0:0:0:1 - - [22/May/2017:00:23:30 +0800] "GET /css/matrix-style.css HTTP/1.1" 200 47006
0:0:0:0:0:0:0:1 - - [22/May/2017:00:23:30 +0800] "GET /js/jquery.min.js HTTP/1.1" 404 131
0:0:0:0:0:0:0:1 - - [22/May/2017:00:23:31 +0800] "GET /images/logo-lg.png HTTP/1.1" 404 133
0:0:0:0:0:0:0:1 - - [22/May/2017:00:23:31 +0800] "GET /fonts/glyphicons-halflings-regular.woff2 HTTP/1.1" 200 18028
0:0:0:0:0:0:0:1 - - [22/May/2017:00:23:31 +0800] "GET /images/breadcrumb.png HTTP/1.1" 404 136
0:0:0:0:0:0:0:1 - - [22/May/2017:00:23:31 +0800] "GET /demands/details/favicon.ico HTTP/1.1" 404 142
0:0:0:0:0:0:0:1 - - [22/May/2017:00:27:10 +0800] "GET /css/bootstrap.min.css HTTP/1.1" 200 121205
0:0:0:0:0:0:0:1 - - [22/May/2017:00:27:10 +0800] "GET /css/matrix-style.css HTTP/1.1" 200 47006
0:0:0:0:0:0:0:1 - - [22/May/2017:00:27:10 +0800] "GET /demands/details/1 HTTP/1.1" 200 14458
0:0:0:0:0:0:0:1 - - [22/May/2017:00:27:10 +0800] "GET /css/matrix-media.css HTTP/1.1" 200 3216
0:0:0:0:0:0:0:1 - - [22/May/2017:00:27:10 +0800] "GET /js/bootstrap.min.js HTTP/1.1" 200 37051
0:0:0:0:0:0:0:1 - - [22/May/2017:00:27:10 +0800] "GET /js/jquery.min.js HTTP/1.1" 404 131
0:0:0:0:0:0:0:1 - - [22/May/2017:00:27:10 +0800] "GET /images/breadcrumb.png HTTP/1.1" 404 136
0:0:0:0:0:0:0:1 - - [22/May/2017:00:27:10 +0800] "GET /images/logo-lg.png HTTP/1.1" 404 133
0:0:0:0:0:0:0:1 - - [22/May/2017:00:27:10 +0800] "GET /fonts/glyphicons-halflings-regular.woff2 HTTP/1.1" 200 18028
0:0:0:0:0:0:0:1 - - [22/May/2017:00:27:10 +0800] "GET /js/matrix.js HTTP/1.1" 200 3805
0:0:0:0:0:0:0:1 - - [22/May/2017:00:27:50 +0800] "GET /demands/details/1 HTTP/1.1" 200 14463
0:0:0:0:0:0:0:1 - - [22/May/2017:00:27:50 +0800] "GET /css/matrix-media.css HTTP/1.1" 200 3216
0:0:0:0:0:0:0:1 - - [22/May/2017:00:27:50 +0800] "GET /css/matrix-style.css HTTP/1.1" 200 47006
0:0:0:0:0:0:0:1 - - [22/May/2017:00:27:50 +0800] "GET /css/bootstrap.min.css HTTP/1.1" 200 121205
0:0:0:0:0:0:0:1 - - [22/May/2017:00:27:50 +0800] "GET /js/matrix.js HTTP/1.1" 200 3805
0:0:0:0:0:0:0:1 - - [22/May/2017:00:27:50 +0800] "GET /js/bootstrap.min.js HTTP/1.1" 200 37051
0:0:0:0:0:0:0:1 - - [22/May/2017:00:27:50 +0800] "GET /js/jquery.min.js HTTP/1.1" 404 131
0:0:0:0:0:0:0:1 - - [22/May/2017:00:27:51 +0800] "GET /images/logo-lg.png HTTP/1.1" 404 133
0:0:0:0:0:0:0:1 - - [22/May/2017:00:27:51 +0800] "GET /fonts/glyphicons-halflings-regular.woff2 HTTP/1.1" 200 18028
0:0:0:0:0:0:0:1 - - [22/May/2017:00:27:51 +0800] "GET /images/breadcrumb.png HTTP/1.1" 404 136
0:0:0:0:0:0:0:1 - - [22/May/2017:00:27:51 +0800] "GET /demands/..favicon.ico HTTP/1.1" 400 371
0:0:0:0:0:0:0:1 - - [22/May/2017:00:30:00 +0800] "GET /demands/details/1 HTTP/1.1" 200 11645
0:0:0:0:0:0:0:1 - - [22/May/2017:00:30:00 +0800] "GET /css/matrix-style.css HTTP/1.1" 200 47006
0:0:0:0:0:0:0:1 - - [22/May/2017:00:30:00 +0800] "GET /css/matrix-media.css HTTP/1.1" 200 3216
0:0:0:0:0:0:0:1 - - [22/May/2017:00:30:00 +0800] "GET /css/bootstrap.min.css HTTP/1.1" 200 121205
0:0:0:0:0:0:0:1 - - [22/May/2017:00:30:00 +0800] "GET /js/matrix.js HTTP/1.1" 200 3805
0:0:0:0:0:0:0:1 - - [22/May/2017:00:30:00 +0800] "GET /js/jquery.min.js HTTP/1.1" 404 131
0:0:0:0:0:0:0:1 - - [22/May/2017:00:30:00 +0800] "GET /js/bootstrap.min.js HTTP/1.1" 200 37051
0:0:0:0:0:0:0:1 - - [22/May/2017:00:30:00 +0800] "GET /images/logo-lg.png HTTP/1.1" 404 133
0:0:0:0:0:0:0:1 - - [22/May/2017:00:30:00 +0800] "GET /images/breadcrumb.png HTTP/1.1" 404 136
0:0:0:0:0:0:0:1 - - [22/May/2017:00:30:00 +0800] "GET /fonts/glyphicons-halflings-regular.woff2 HTTP/1.1" 200 18028
0:0:0:0:0:0:0:1 - - [22/May/2017:00:30:01 +0800] "GET /image/favicon.ico HTTP/1.1" 200 1150
0:0:0:0:0:0:0:1 - - [22/May/2017:00:30:20 +0800] "GET /demands/details/1 HTTP/1.1" 200 11585
0:0:0:0:0:0:0:1 - - [22/May/2017:00:30:20 +0800] "GET /css/bootstrap.min.css HTTP/1.1" 200 121205
0:0:0:0:0:0:0:1 - - [22/May/2017:00:30:20 +0800] "GET /css/matrix-style.css HTTP/1.1" 200 47006
0:0:0:0:0:0:0:1 - - [22/May/2017:00:30:20 +0800] "GET /js/jquery.min.js HTTP/1.1" 404 131
0:0:0:0:0:0:0:1 - - [22/May/2017:00:30:20 +0800] "GET /js/matrix.js HTTP/1.1" 200 3805
0:0:0:0:0:0:0:1 - - [22/May/2017:00:30:20 +0800] "GET /js/bootstrap.min.js HTTP/1.1" 200 37051
0:0:0:0:0:0:0:1 - - [22/May/2017:00:30:20 +0800] "GET /images/logo-lg.png HTTP/1.1" 404 133
0:0:0:0:0:0:0:1 - - [22/May/2017:00:30:20 +0800] "GET /images/breadcrumb.png HTTP/1.1" 404 136
0:0:0:0:0:0:0:1 - - [22/May/2017:00:30:20 +0800] "GET /fonts/glyphicons-halflings-regular.woff2 HTTP/1.1" 200 18028
0:0:0:0:0:0:0:1 - - [22/May/2017:00:30:20 +0800] "GET /image/favicon.ico HTTP/1.1" 200 1150
0:0:0:0:0:0:0:1 - - [22/May/2017:00:30:45 +0800] "GET /css/matrix-style.css HTTP/1.1" 200 47006
0:0:0:0:0:0:0:1 - - [22/May/2017:00:30:45 +0800] "GET /css/bootstrap.min.css HTTP/1.1" 200 121205
0:0:0:0:0:0:0:1 - - [22/May/2017:00:30:46 +0800] "GET /css/bootstrap.min.css.map HTTP/1.1" 404 140
0:0:0:0:0:0:0:1 - - [22/May/2017:00:31:10 +0800] "GET /demands/details/1 HTTP/1.1" 200 11525
0:0:0:0:0:0:0:1 - - [22/May/2017:00:31:10 +0800] "GET /css/bootstrap.min.css HTTP/1.1" 200 121205
0:0:0:0:0:0:0:1 - - [22/May/2017:00:31:10 +0800] "GET /js/matrix.js HTTP/1.1" 200 3805
0:0:0:0:0:0:0:1 - - [22/May/2017:00:31:10 +0800] "GET /js/bootstrap.min.js HTTP/1.1" 200 37051
0:0:0:0:0:0:0:1 - - [22/May/2017:00:31:10 +0800] "GET /js/jquery.min.js HTTP/1.1" 404 131
0:0:0:0:0:0:0:1 - - [22/May/2017:00:31:11 +0800] "GET /fonts/glyphicons-halflings-regular.woff2 HTTP/1.1" 200 18028
0:0:0:0:0:0:0:1 - - [22/May/2017:00:31:11 +0800] "GET /css/bootstrap.min.css.map HTTP/1.1" 404 140
0:0:0:0:0:0:0:1 - - [22/May/2017:00:31:52 +0800] "GET /demands/details/1 HTTP/1.1" 200 11585
0:0:0:0:0:0:0:1 - - [22/May/2017:00:31:52 +0800] "GET /css/bootstrap.min.css HTTP/1.1" 200 121205
0:0:0:0:0:0:0:1 - - [22/May/2017:00:31:53 +0800] "GET /css/matrix-style.css HTTP/1.1" 200 47006
0:0:0:0:0:0:0:1 - - [22/May/2017:00:31:53 +0800] "GET /js/matrix.js HTTP/1.1" 200 3805
0:0:0:0:0:0:0:1 - - [22/May/2017:00:31:53 +0800] "GET /js/bootstrap.min.js HTTP/1.1" 200 37051
0:0:0:0:0:0:0:1 - - [22/May/2017:00:31:53 +0800] "GET /js/jquery.min.js HTTP/1.1" 404 131
0:0:0:0:0:0:0:1 - - [22/May/2017:00:31:53 +0800] "GET /images/logo-lg.png HTTP/1.1" 404 133
0:0:0:0:0:0:0:1 - - [22/May/2017:00:31:53 +0800] "GET /images/breadcrumb.png HTTP/1.1" 404 136
0:0:0:0:0:0:0:1 - - [22/May/2017:00:31:53 +0800] "GET /fonts/glyphicons-halflings-regular.woff2 HTTP/1.1" 200 18028
0:0:0:0:0:0:0:1 - - [22/May/2017:00:31:53 +0800] "GET /image/favicon.ico HTTP/1.1" 200 1150
0:0:0:0:0:0:0:1 - - [22/May/2017:00:31:57 +0800] "GET /css/bootstrap.min.css HTTP/1.1" 200 121205
0:0:0:0:0:0:0:1 - - [22/May/2017:00:31:57 +0800] "GET /css/matrix-style.css HTTP/1.1" 200 47006
0:0:0:0:0:0:0:1 - - [22/May/2017:00:31:57 +0800] "GET /css/bootstrap.min.css.map HTTP/1.1" 404 140
0:0:0:0:0:0:0:1 - - [22/May/2017:00:34:13 +0800] "GET /css/bootstrap.min.css HTTP/1.1" 200 121205
0:0:0:0:0:0:0:1 - - [22/May/2017:00:34:13 +0800] "GET /css/matrix-style.css HTTP/1.1" 200 46989
0:0:0:0:0:0:0:1 - - [22/May/2017:00:34:13 +0800] "GET /demands/details/1 HTTP/1.1" 200 11585
0:0:0:0:0:0:0:1 - - [22/May/2017:00:34:14 +0800] "GET /js/bootstrap.min.js HTTP/1.1" 200 37051
0:0:0:0:0:0:0:1 - - [22/May/2017:00:34:14 +0800] "GET /fonts/glyphicons-halflings-regular.woff2 HTTP/1.1" 200 18028
0:0:0:0:0:0:0:1 - - [22/May/2017:00:34:14 +0800] "GET /images/breadcrumb.png HTTP/1.1" 404 136
0:0:0:0:0:0:0:1 - - [22/May/2017:00:34:14 +0800] "GET /js/matrix.js HTTP/1.1" 200 3805
0:0:0:0:0:0:0:1 - - [22/May/2017:00:34:14 +0800] "GET /js/jquery.min.js HTTP/1.1" 404 131
0:0:0:0:0:0:0:1 - - [22/May/2017:00:34:14 +0800] "GET /images/logo-lg.png HTTP/1.1" 404 133
0:0:0:0:0:0:0:1 - - [22/May/2017:00:34:15 +0800] "GET /css/bootstrap.min.css.map HTTP/1.1" 404 140
0:0:0:0:0:0:0:1 - - [22/May/2017:00:35:13 +0800] "GET /demands/details/1 HTTP/1.1" 200 11090
0:0:0:0:0:0:0:1 - - [22/May/2017:00:35:13 +0800] "GET /js/bootstrap.min.js HTTP/1.1" 200 37051
0:0:0:0:0:0:0:1 - - [22/May/2017:00:35:13 +0800] "GET /css/matrix-style.css HTTP/1.1" 200 46989
0:0:0:0:0:0:0:1 - - [22/May/2017:00:35:13 +0800] "GET /css/bootstrap.min.css HTTP/1.1" 200 121205
0:0:0:0:0:0:0:1 - - [22/May/2017:00:35:13 +0800] "GET /js/matrix.js HTTP/1.1" 200 3805
0:0:0:0:0:0:0:1 - - [22/May/2017:00:35:13 +0800] "GET /js/jquery.min.js HTTP/1.1" 404 131
0:0:0:0:0:0:0:1 - - [22/May/2017:00:35:13 +0800] "GET /images/breadcrumb.png HTTP/1.1" 404 136
0:0:0:0:0:0:0:1 - - [22/May/2017:00:35:13 +0800] "GET /fonts/glyphicons-halflings-regular.woff2 HTTP/1.1" 200 18028
0:0:0:0:0:0:0:1 - - [22/May/2017:00:35:13 +0800] "GET /js/jquery.min.js HTTP/1.1" 404 131
0:0:0:0:0:0:0:1 - - [22/May/2017:00:35:13 +0800] "GET /css/bootstrap.min.css.map HTTP/1.1" 404 140
0:0:0:0:0:0:0:1 - - [22/May/2017:00:37:20 +0800] "GET /demands/details/1 HTTP/1.1" 200 11463
0:0:0:0:0:0:0:1 - - [22/May/2017:00:37:20 +0800] "GET /css/bootstrap.min.css HTTP/1.1" 200 121205
0:0:0:0:0:0:0:1 - - [22/May/2017:00:37:20 +0800] "GET /css/matrix-style.css HTTP/1.1" 200 46989
0:0:0:0:0:0:0:1 - - [22/May/2017:00:37:20 +0800] "GET /js/jquery.min.js HTTP/1.1" 404 131
0:0:0:0:0:0:0:1 - - [22/May/2017:00:37:20 +0800] "GET /js/matrix.js HTTP/1.1" 200 3805
0:0:0:0:0:0:0:1 - - [22/May/2017:00:37:20 +0800] "GET /js/bootstrap.min.js HTTP/1.1" 200 37051
0:0:0:0:0:0:0:1 - - [22/May/2017:00:37:20 +0800] "GET /js/jquery.min.js HTTP/1.1" 404 131
0:0:0:0:0:0:0:1 - - [22/May/2017:00:37:20 +0800] "GET /images/breadcrumb.png HTTP/1.1" 404 136
0:0:0:0:0:0:0:1 - - [22/May/2017:00:37:20 +0800] "GET /fonts/glyphicons-halflings-regular.woff2 HTTP/1.1" 200 18028
0:0:0:0:0:0:0:1 - - [22/May/2017:00:37:21 +0800] "GET /css/bootstrap.min.css.map HTTP/1.1" 404 140
0:0:0:0:0:0:0:1 - - [22/May/2017:00:37:57 +0800] "GET /demands/details/1 HTTP/1.1" 200 11631
0:0:0:0:0:0:0:1 - - [22/May/2017:00:37:57 +0800] "GET /css/bootstrap.min.css HTTP/1.1" 200 121205
0:0:0:0:0:0:0:1 - - [22/May/2017:00:37:57 +0800] "GET /css/matrix-style.css HTTP/1.1" 200 46989
0:0:0:0:0:0:0:1 - - [22/May/2017:00:37:57 +0800] "GET /js/matrix.js HTTP/1.1" 200 3805
0:0:0:0:0:0:0:1 - - [22/May/2017:00:37:57 +0800] "GET /js/jquery.min.js HTTP/1.1" 404 131
0:0:0:0:0:0:0:1 - - [22/May/2017:00:37:57 +0800] "GET /js/bootstrap.min.js HTTP/1.1" 200 37051
0:0:0:0:0:0:0:1 - - [22/May/2017:00:37:57 +0800] "GET /images/breadcrumb.png HTTP/1.1" 404 136
0:0:0:0:0:0:0:1 - - [22/May/2017:00:37:57 +0800] "GET /fonts/glyphicons-halflings-regular.woff2 HTTP/1.1" 200 18028
0:0:0:0:0:0:0:1 - - [22/May/2017:00:37:58 +0800] "GET /js/jquery.min.js HTTP/1.1" 404 131
0:0:0:0:0:0:0:1 - - [22/May/2017:00:37:58 +0800] "GET /css/bootstrap.min.css.map HTTP/1.1" 404 140
0:0:0:0:0:0:0:1 - - [22/May/2017:00:38:25 +0800] "GET /demands/details/1 HTTP/1.1" 200 11585
0:0:0:0:0:0:0:1 - - [22/May/2017:00:38:25 +0800] "GET /css/matrix-style.css HTTP/1.1" 200 46989
0:0:0:0:0:0:0:1 - - [22/May/2017:00:38:25 +0800] "GET /js/jquery.min.js HTTP/1.1" 404 131
0:0:0:0:0:0:0:1 - - [22/May/2017:00:38:25 +0800] "GET /css/bootstrap.min.css HTTP/1.1" 200 121205
0:0:0:0:0:0:0:1 - - [22/May/2017:00:38:25 +0800] "GET /js/matrix.js HTTP/1.1" 200 3805
0:0:0:0:0:0:0:1 - - [22/May/2017:00:38:25 +0800] "GET /js/bootstrap.min.js HTTP/1.1" 200 37051
0:0:0:0:0:0:0:1 - - [22/May/2017:00:38:25 +0800] "GET /fonts/glyphicons-halflings-regular.woff2 HTTP/1.1" 200 18028
0:0:0:0:0:0:0:1 - - [22/May/2017:00:38:25 +0800] "GET /images/breadcrumb.png HTTP/1.1" 404 136
0:0:0:0:0:0:0:1 - - [22/May/2017:00:38:25 +0800] "GET /images/logo-lg.png HTTP/1.1" 404 133
0:0:0:0:0:0:0:1 - - [22/May/2017:00:38:26 +0800] "GET /css/bootstrap.min.css.map HTTP/1.1" 404 140
0:0:0:0:0:0:0:1 - - [22/May/2017:00:40:35 +0800] "GET /demands/details/1 HTTP/1.1" 200 11253
0:0:0:0:0:0:0:1 - - [22/May/2017:00:40:35 +0800] "GET /css/bootstrap.min.css HTTP/1.1" 200 121205
0:0:0:0:0:0:0:1 - - [22/May/2017:00:40:35 +0800] "GET /css/matrix-style.css HTTP/1.1" 200 46989
0:0:0:0:0:0:0:1 - - [22/May/2017:00:40:35 +0800] "GET /js/bootstrap.min.js HTTP/1.1" 200 37051
0:0:0:0:0:0:0:1 - - [22/May/2017:00:40:35 +0800] "GET /js/jquery.min.js HTTP/1.1" 404 131
0:0:0:0:0:0:0:1 - - [22/May/2017:00:40:35 +0800] "GET /js/matrix.js HTTP/1.1" 200 3805
0:0:0:0:0:0:0:1 - - [22/May/2017:00:40:35 +0800] "GET /images/breadcrumb.png HTTP/1.1" 404 136
0:0:0:0:0:0:0:1 - - [22/May/2017:00:40:35 +0800] "GET /fonts/glyphicons-halflings-regular.woff2 HTTP/1.1" 200 18028
0:0:0:0:0:0:0:1 - - [22/May/2017:00:40:35 +0800] "GET /images/logo-lg.png HTTP/1.1" 404 133
0:0:0:0:0:0:0:1 - - [22/May/2017:00:40:35 +0800] "GET /css/bootstrap.min.css.map HTTP/1.1" 404 140
0:0:0:0:0:0:0:1 - - [22/May/2017:00:40:37 +0800] "GET / HTTP/1.1" 404 306
0:0:0:0:0:0:0:1 - - [22/May/2017:00:40:37 +0800] "GET /favicon.ico HTTP/1.1" 200 946
0:0:0:0:0:0:0:1 - - [22/May/2017:00:40:38 +0800] "GET /demands/details/1 HTTP/1.1" 200 11253
0:0:0:0:0:0:0:1 - - [22/May/2017:00:40:38 +0800] "GET /css/bootstrap.min.css HTTP/1.1" 200 121205
0:0:0:0:0:0:0:1 - - [22/May/2017:00:40:38 +0800] "GET /js/jquery.min.js HTTP/1.1" 404 131
0:0:0:0:0:0:0:1 - - [22/May/2017:00:40:38 +0800] "GET /css/matrix-style.css HTTP/1.1" 200 46989
0:0:0:0:0:0:0:1 - - [22/May/2017:00:40:38 +0800] "GET /js/matrix.js HTTP/1.1" 200 3805
0:0:0:0:0:0:0:1 - - [22/May/2017:00:40:38 +0800] "GET /js/bootstrap.min.js HTTP/1.1" 200 37051
0:0:0:0:0:0:0:1 - - [22/May/2017:00:40:39 +0800] "GET /images/logo-lg.png HTTP/1.1" 404 133
0:0:0:0:0:0:0:1 - - [22/May/2017:00:40:39 +0800] "GET /fonts/glyphicons-halflings-regular.woff2 HTTP/1.1" 200 18028
0:0:0:0:0:0:0:1 - - [22/May/2017:00:40:39 +0800] "GET /images/breadcrumb.png HTTP/1.1" 404 136
0:0:0:0:0:0:0:1 - - [22/May/2017:00:40:39 +0800] "GET /css/bootstrap.min.css.map HTTP/1.1" 404 140
0:0:0:0:0:0:0:1 - - [22/May/2017:00:42:08 +0800] "GET /css/matrix-style.css HTTP/1.1" 200 46992
0:0:0:0:0:0:0:1 - - [22/May/2017:00:42:08 +0800] "GET /css/bootstrap.min.css HTTP/1.1" 200 121205
0:0:0:0:0:0:0:1 - - [22/May/2017:00:42:08 +0800] "GET /css/bootstrap.min.css.map HTTP/1.1" 404 140
0:0:0:0:0:0:0:1 - - [22/May/2017:00:42:25 +0800] "GET /demands/details/1 HTTP/1.1" 200 11253
0:0:0:0:0:0:0:1 - - [22/May/2017:00:42:25 +0800] "GET /css/matrix-style.css HTTP/1.1" 200 46992
0:0:0:0:0:0:0:1 - - [22/May/2017:00:42:25 +0800] "GET /css/bootstrap.min.css HTTP/1.1" 200 121205
0:0:0:0:0:0:0:1 - - [22/May/2017:00:42:25 +0800] "GET /js/jquery.min.js HTTP/1.1" 404 131
0:0:0:0:0:0:0:1 - - [22/May/2017:00:42:25 +0800] "GET /js/bootstrap.min.js HTTP/1.1" 200 37051
0:0:0:0:0:0:0:1 - - [22/May/2017:00:42:25 +0800] "GET /js/matrix.js HTTP/1.1" 200 3805
0:0:0:0:0:0:0:1 - - [22/May/2017:00:42:25 +0800] "GET /images/breadcrumb.png HTTP/1.1" 404 136
0:0:0:0:0:0:0:1 - - [22/May/2017:00:42:25 +0800] "GET /images/logo-lg.png HTTP/1.1" 404 133
0:0:0:0:0:0:0:1 - - [22/May/2017:00:42:25 +0800] "GET /fonts/glyphicons-halflings-regular.woff2 HTTP/1.1" 200 18028
0:0:0:0:0:0:0:1 - - [22/May/2017:00:42:26 +0800] "GET /css/bootstrap.min.css.map HTTP/1.1" 404 140
0:0:0:0:0:0:0:1 - - [22/May/2017:00:43:09 +0800] "GET /demands/details/1 HTTP/1.1" 200 11260
0:0:0:0:0:0:0:1 - - [22/May/2017:00:43:09 +0800] "GET /css/matrix-style.css HTTP/1.1" 200 46992
0:0:0:0:0:0:0:1 - - [22/May/2017:00:43:09 +0800] "GET /css/bootstrap.min.css HTTP/1.1" 200 121205
0:0:0:0:0:0:0:1 - - [22/May/2017:00:43:09 +0800] "GET /js/bootstrap.min.js HTTP/1.1" 200 37051
0:0:0:0:0:0:0:1 - - [22/May/2017:00:43:09 +0800] "GET /js/matrix.js HTTP/1.1" 200 3805
0:0:0:0:0:0:0:1 - - [22/May/2017:00:43:09 +0800] "GET /js/jquery.min.js HTTP/1.1" 404 131
0:0:0:0:0:0:0:1 - - [22/May/2017:00:43:09 +0800] "GET /images/logo-lg.png HTTP/1.1" 404 133
0:0:0:0:0:0:0:1 - - [22/May/2017:00:43:09 +0800] "GET /images/breadcrumb.png HTTP/1.1" 404 136
0:0:0:0:0:0:0:1 - - [22/May/2017:00:43:09 +0800] "GET /fonts/glyphicons-halflings-regular.woff2 HTTP/1.1" 200 18028
0:0:0:0:0:0:0:1 - - [22/May/2017:00:43:10 +0800] "GET /js/jquery.min.js HTTP/1.1" 404 131
0:0:0:0:0:0:0:1 - - [22/May/2017:00:43:10 +0800] "GET /image/favicon.ico HTTP/1.1" 200 1150
0:0:0:0:0:0:0:1 - - [22/May/2017:00:43:14 +0800] "GET /demands HTTP/1.1" 200 10077
0:0:0:0:0:0:0:1 - - [22/May/2017:00:43:14 +0800] "GET /app/css/bootstrap-datetimepicker.min.css HTTP/1.1" 404 155
0:0:0:0:0:0:0:1 - - [22/May/2017:00:43:14 +0800] "GET /css/bootstrap.min.css HTTP/1.1" 200 121205
0:0:0:0:0:0:0:1 - - [22/May/2017:00:43:14 +0800] "GET /css/dashboard.css HTTP/1.1" 200 1647
0:0:0:0:0:0:0:1 - - [22/May/2017:00:43:14 +0800] "GET /js/bootstrap.min.js HTTP/1.1" 200 37051
0:0:0:0:0:0:0:1 - - [22/May/2017:00:43:15 +0800] "GET /css/matrix-style.css HTTP/1.1" 200 46992
0:0:0:0:0:0:0:1 - - [22/May/2017:00:43:15 +0800] "GET /fonts/glyphicons-halflings-regular.woff2 HTTP/1.1" 200 18028
0:0:0:0:0:0:0:1 - - [22/May/2017:00:43:17 +0800] "GET /css/matrix-style.css HTTP/1.1" 200 46992
0:0:0:0:0:0:0:1 - - [22/May/2017:00:43:17 +0800] "GET /css/bootstrap.min.css HTTP/1.1" 200 121205
0:0:0:0:0:0:0:1 - - [22/May/2017:00:43:21 +0800] "GET /demands HTTP/1.1" 200 10077
0:0:0:0:0:0:0:1 - - [22/May/2017:00:43:21 +0800] "GET /css/bootstrap.min.css HTTP/1.1" 200 121205
0:0:0:0:0:0:0:1 - - [22/May/2017:00:43:21 +0800] "GET /css/matrix-style.css HTTP/1.1" 200 46992
0:0:0:0:0:0:0:1 - - [22/May/2017:00:43:21 +0800] "GET /app/css/bootstrap-datetimepicker.min.css HTTP/1.1" 404 155
0:0:0:0:0:0:0:1 - - [22/May/2017:00:43:21 +0800] "GET /css/dashboard.css HTTP/1.1" 200 1647
0:0:0:0:0:0:0:1 - - [22/May/2017:00:43:21 +0800] "GET /js/bootstrap.min.js HTTP/1.1" 200 37051
0:0:0:0:0:0:0:1 - - [22/May/2017:00:43:22 +0800] "GET /fonts/glyphicons-halflings-regular.woff2 HTTP/1.1" 200 18028
0:0:0:0:0:0:0:1 - - [22/May/2017:00:43:46 +0800] "GET /demands/details/1 HTTP/1.1" 200 11260
0:0:0:0:0:0:0:1 - - [22/May/2017:00:43:46 +0800] "GET /css/matrix-style.css HTTP/1.1" 200 46992
0:0:0:0:0:0:0:1 - - [22/May/2017:00:43:46 +0800] "GET /js/jquery.min.js HTTP/1.1" 404 131
0:0:0:0:0:0:0:1 - - [22/May/2017:00:43:46 +0800] "GET /js/bootstrap.min.js HTTP/1.1" 200 37051
0:0:0:0:0:0:0:1 - - [22/May/2017:00:43:46 +0800] "GET /css/bootstrap.min.css HTTP/1.1" 200 121205
0:0:0:0:0:0:0:1 - - [22/May/2017:00:43:46 +0800] "GET /js/matrix.js HTTP/1.1" 200 3805
0:0:0:0:0:0:0:1 - - [22/May/2017:00:43:46 +0800] "GET /js/jquery.min.js HTTP/1.1" 404 131
0:0:0:0:0:0:0:1 - - [22/May/2017:00:43:46 +0800] "GET /images/breadcrumb.png HTTP/1.1" 404 136
0:0:0:0:0:0:0:1 - - [22/May/2017:00:43:46 +0800] "GET /images/logo-lg.png HTTP/1.1" 404 133
0:0:0:0:0:0:0:1 - - [22/May/2017:00:43:46 +0800] "GET /fonts/glyphicons-halflings-regular.woff2 HTTP/1.1" 200 18028
0:0:0:0:0:0:0:1 - - [22/May/2017:00:45:08 +0800] "GET /demands/details/1 HTTP/1.1" 500 382
0:0:0:0:0:0:0:1 - - [22/May/2017:00:45:08 +0800] "GET /favicon.ico HTTP/1.1" 200 946
0:0:0:0:0:0:0:1 - - [22/May/2017:00:45:50 +0800] "GET /demands/details/1 HTTP/1.1" 200 11254
0:0:0:0:0:0:0:1 - - [22/May/2017:00:45:50 +0800] "GET /css/bootstrap.min.css HTTP/1.1" 200 121205
0:0:0:0:0:0:0:1 - - [22/May/2017:00:45:50 +0800] "GET /css/matrix-style.css HTTP/1.1" 200 46992
0:0:0:0:0:0:0:1 - - [22/May/2017:00:45:51 +0800] "GET /js/matrix.js HTTP/1.1" 200 3805
0:0:0:0:0:0:0:1 - - [22/May/2017:00:45:51 +0800] "GET /js/bootstrap.min.js HTTP/1.1" 200 37051
0:0:0:0:0:0:0:1 - - [22/May/2017:00:45:51 +0800] "GET /js/jquery.min.js HTTP/1.1" 404 131
0:0:0:0:0:0:0:1 - - [22/May/2017:00:45:51 +0800] "GET /images/logo-lg.png HTTP/1.1" 404 133
0:0:0:0:0:0:0:1 - - [22/May/2017:00:45:51 +0800] "GET /images/breadcrumb.png HTTP/1.1" 404 136
0:0:0:0:0:0:0:1 - - [22/May/2017:00:45:51 +0800] "GET /fonts/glyphicons-halflings-regular.woff2 HTTP/1.1" 200 18028
0:0:0:0:0:0:0:1 - - [22/May/2017:00:45:52 +0800] "GET /image/favicon.ico HTTP/1.1" 200 1150
0:0:0:0:0:0:0:1 - - [22/May/2017:00:52:14 +0800] "GET /demands/details/1 HTTP/1.1" 200 10925
0:0:0:0:0:0:0:1 - - [22/May/2017:00:52:14 +0800] "GET /css/bootstrap.min.css HTTP/1.1" 200 121205
0:0:0:0:0:0:0:1 - - [22/May/2017:00:52:14 +0800] "GET /js/jquery.min.js HTTP/1.1" 404 131
0:0:0:0:0:0:0:1 - - [22/May/2017:00:52:14 +0800] "GET /js/matrix.js HTTP/1.1" 200 3805
0:0:0:0:0:0:0:1 - - [22/May/2017:00:52:14 +0800] "GET /css/matrix-style.css HTTP/1.1" 200 46992
0:0:0:0:0:0:0:1 - - [22/May/2017:00:52:14 +0800] "GET /js/bootstrap.min.js HTTP/1.1" 200 37051
0:0:0:0:0:0:0:1 - - [22/May/2017:00:52:14 +0800] "GET /images/breadcrumb.png HTTP/1.1" 404 136
0:0:0:0:0:0:0:1 - - [22/May/2017:00:52:14 +0800] "GET /fonts/glyphicons-halflings-regular.woff2 HTTP/1.1" 200 18028
0:0:0:0:0:0:0:1 - - [22/May/2017:00:52:14 +0800] "GET /images/logo-lg.png HTTP/1.1" 404 133
0:0:0:0:0:0:0:1 - - [22/May/2017:00:52:15 +0800] "GET /image/favicon.ico HTTP/1.1" 200 1150
0:0:0:0:0:0:0:1 - - [22/May/2017:00:52:48 +0800] "GET /demands/details/1 HTTP/1.1" 200 11258
0:0:0:0:0:0:0:1 - - [22/May/2017:00:52:49 +0800] "GET /css/bootstrap.min.css HTTP/1.1" 200 121205
0:0:0:0:0:0:0:1 - - [22/May/2017:00:52:49 +0800] "GET /css/matrix-style.css HTTP/1.1" 200 46992
0:0:0:0:0:0:0:1 - - [22/May/2017:00:52:49 +0800] "GET /js/matrix.js HTTP/1.1" 200 3805
0:0:0:0:0:0:0:1 - - [22/May/2017:00:52:49 +0800] "GET /js/bootstrap.min.js HTTP/1.1" 200 37051
0:0:0:0:0:0:0:1 - - [22/May/2017:00:52:49 +0800] "GET /js/jquery.min.js HTTP/1.1" 404 131
0:0:0:0:0:0:0:1 - - [22/May/2017:00:52:49 +0800] "GET /fonts/glyphicons-halflings-regular.woff2 HTTP/1.1" 200 18028
0:0:0:0:0:0:0:1 - - [22/May/2017:00:52:49 +0800] "GET /images/breadcrumb.png HTTP/1.1" 404 136
0:0:0:0:0:0:0:1 - - [22/May/2017:00:52:49 +0800] "GET /images/logo-lg.png HTTP/1.1" 404 133
0:0:0:0:0:0:0:1 - - [22/May/2017:00:52:50 +0800] "GET /image/favicon.ico HTTP/1.1" 200 1150
0:0:0:0:0:0:0:1 - - [22/May/2017:00:54:01 +0800] "GET /demands/details/1 HTTP/1.1" 200 10925
0:0:0:0:0:0:0:1 - - [22/May/2017:00:54:01 +0800] "GET /css/bootstrap.min.css HTTP/1.1" 200 121205
0:0:0:0:0:0:0:1 - - [22/May/2017:00:54:01 +0800] "GET /css/matrix-style.css HTTP/1.1" 200 46992
0:0:0:0:0:0:0:1 - - [22/May/2017:00:54:01 +0800] "GET /js/bootstrap.min.js HTTP/1.1" 200 37051
0:0:0:0:0:0:0:1 - - [22/May/2017:00:54:01 +0800] "GET /js/matrix.js HTTP/1.1" 200 3805
0:0:0:0:0:0:0:1 - - [22/May/2017:00:54:01 +0800] "GET /js/jquery.min.js HTTP/1.1" 404 131
0:0:0:0:0:0:0:1 - - [22/May/2017:00:54:01 +0800] "GET /images/logo-lg.png HTTP/1.1" 404 133
0:0:0:0:0:0:0:1 - - [22/May/2017:00:54:01 +0800] "GET /fonts/glyphicons-halflings-regular.woff2 HTTP/1.1" 200 18028
0:0:0:0:0:0:0:1 - - [22/May/2017:00:54:01 +0800] "GET /images/breadcrumb.png HTTP/1.1" 404 136
0:0:0:0:0:0:0:1 - - [22/May/2017:00:54:02 +0800] "GET /image/favicon.ico HTTP/1.1" 200 1150
0:0:0:0:0:0:0:1 - - [22/May/2017:00:54:05 +0800] "GET /css/dashboard.css HTTP/1.1" 200 1647
0:0:0:0:0:0:0:1 - - [22/May/2017:00:54:14 +0800] "GET /demands/details/1 HTTP/1.1" 200 10925
0:0:0:0:0:0:0:1 - - [22/May/2017:00:54:15 +0800] "GET /css/matrix-style.css HTTP/1.1" 200 46992
0:0:0:0:0:0:0:1 - - [22/May/2017:00:54:15 +0800] "GET /js/jquery.min.js HTTP/1.1" 404 131
0:0:0:0:0:0:0:1 - - [22/May/2017:00:54:15 +0800] "GET /css/bootstrap.min.css HTTP/1.1" 200 121205
0:0:0:0:0:0:0:1 - - [22/May/2017:00:54:15 +0800] "GET /js/matrix.js HTTP/1.1" 200 3805
0:0:0:0:0:0:0:1 - - [22/May/2017:00:54:15 +0800] "GET /js/bootstrap.min.js HTTP/1.1" 200 37051
0:0:0:0:0:0:0:1 - - [22/May/2017:00:54:15 +0800] "GET /images/logo-lg.png HTTP/1.1" 404 133
0:0:0:0:0:0:0:1 - - [22/May/2017:00:54:15 +0800] "GET /images/breadcrumb.png HTTP/1.1" 404 136
0:0:0:0:0:0:0:1 - - [22/May/2017:00:54:15 +0800] "GET /fonts/glyphicons-halflings-regular.woff2 HTTP/1.1" 200 18028
0:0:0:0:0:0:0:1 - - [22/May/2017:00:54:15 +0800] "GET /image/favicon.ico HTTP/1.1" 200 1150
0:0:0:0:0:0:0:1 - - [22/May/2017:00:54:17 +0800] "GET /demands/details/1 HTTP/1.1" 200 11258
0:0:0:0:0:0:0:1 - - [22/May/2017:00:54:17 +0800] "GET /js/jquery.min.js HTTP/1.1" 404 131
0:0:0:0:0:0:0:1 - - [22/May/2017:00:54:17 +0800] "GET /js/bootstrap.min.js HTTP/1.1" 200 37051
0:0:0:0:0:0:0:1 - - [22/May/2017:00:54:17 +0800] "GET /js/matrix.js HTTP/1.1" 200 3805
0:0:0:0:0:0:0:1 - - [22/May/2017:00:54:17 +0800] "GET /css/bootstrap.min.css HTTP/1.1" 200 121205
0:0:0:0:0:0:0:1 - - [22/May/2017:00:54:17 +0800] "GET /css/matrix-style.css HTTP/1.1" 200 46992
0:0:0:0:0:0:0:1 - - [22/May/2017:00:54:18 +0800] "GET /images/breadcrumb.png HTTP/1.1" 404 136
0:0:0:0:0:0:0:1 - - [22/May/2017:00:54:18 +0800] "GET /images/logo-lg.png HTTP/1.1" 404 133
0:0:0:0:0:0:0:1 - - [22/May/2017:00:54:18 +0800] "GET /fonts/glyphicons-halflings-regular.woff2 HTTP/1.1" 200 18028
0:0:0:0:0:0:0:1 - - [22/May/2017:00:54:18 +0800] "GET /image/favicon.ico HTTP/1.1" 200 1150
0:0:0:0:0:0:0:1 - - [22/May/2017:00:55:51 +0800] "GET /demands HTTP/1.1" 200 10079
0:0:0:0:0:0:0:1 - - [22/May/2017:00:55:51 +0800] "GET /css/matrix-style.css HTTP/1.1" 200 46992
0:0:0:0:0:0:0:1 - - [22/May/2017:00:55:51 +0800] "GET /css/bootstrap.min.css HTTP/1.1" 200 121205
0:0:0:0:0:0:0:1 - - [22/May/2017:00:55:51 +0800] "GET /css/dashboard.css HTTP/1.1" 200 1647
0:0:0:0:0:0:0:1 - - [22/May/2017:00:55:51 +0800] "GET /css/bootstrap-datetimepicker.min.css HTTP/1.1" 200 11242
0:0:0:0:0:0:0:1 - - [22/May/2017:00:55:51 +0800] "GET /js/bootstrap.min.js HTTP/1.1" 200 37051
0:0:0:0:0:0:0:1 - - [22/May/2017:00:55:51 +0800] "GET /fonts/glyphicons-halflings-regular.woff2 HTTP/1.1" 200 18028
0:0:0:0:0:0:0:1 - - [22/May/2017:00:55:53 +0800] "GET /orders HTTP/1.1" 200 5232
0:0:0:0:0:0:0:1 - - [22/May/2017:00:55:53 +0800] "GET /js/bootstrap.min.js HTTP/1.1" 200 37051
0:0:0:0:0:0:0:1 - - [22/May/2017:00:55:53 +0800] "GET /css/bootstrap.min.css HTTP/1.1" 200 121205
0:0:0:0:0:0:0:1 - - [22/May/2017:00:55:53 +0800] "GET /css/dashboard.css HTTP/1.1" 200 1647
0:0:0:0:0:0:0:1 - - [22/May/2017:00:55:53 +0800] "GET /css/matrix-style.css HTTP/1.1" 200 46992
0:0:0:0:0:0:0:1 - - [22/May/2017:00:55:53 +0800] "GET /js/jquery.min.js HTTP/1.1" 404 131
0:0:0:0:0:0:0:1 - - [22/May/2017:00:55:53 +0800] "GET /app/css/bootstrap-datetimepicker.min.css HTTP/1.1" 404 155
0:0:0:0:0:0:0:1 - - [22/May/2017:00:55:53 +0800] "GET /js/matrix.js HTTP/1.1" 200 3805
0:0:0:0:0:0:0:1 - - [22/May/2017:00:55:53 +0800] "GET /js/jquery.dataTables.min.js HTTP/1.1" 200 70897
0:0:0:0:0:0:0:1 - - [22/May/2017:00:55:53 +0800] "GET /js/bootstrap-datetimepicker.js HTTP/1.1" 200 57493
0:0:0:0:0:0:0:1 - - [22/May/2017:00:55:53 +0800] "GET /js/matrix.tables.js HTTP/1.1" 200 835
0:0:0:0:0:0:0:1 - - [22/May/2017:00:55:53 +0800] "GET /js/bootstrap-datetimepicker.zh-CN.js HTTP/1.1" 200 878
0:0:0:0:0:0:0:1 - - [22/May/2017:00:55:53 +0800] "GET /js/jquery.min.js HTTP/1.1" 404 131
0:0:0:0:0:0:0:1 - - [22/May/2017:00:55:53 +0800] "GET /fonts/glyphicons-halflings-regular.woff2 HTTP/1.1" 200 18028
0:0:0:0:0:0:0:1 - - [22/May/2017:00:55:55 +0800] "GET /demands HTTP/1.1" 200 10079
0:0:0:0:0:0:0:1 - - [22/May/2017:00:55:55 +0800] "GET /css/bootstrap.min.css HTTP/1.1" 200 121205
0:0:0:0:0:0:0:1 - - [22/May/2017:00:55:55 +0800] "GET /css/matrix-style.css HTTP/1.1" 200 46992
0:0:0:0:0:0:0:1 - - [22/May/2017:00:55:55 +0800] "GET /css/bootstrap-datetimepicker.min.css HTTP/1.1" 200 11242
0:0:0:0:0:0:0:1 - - [22/May/2017:00:55:55 +0800] "GET /css/dashboard.css HTTP/1.1" 200 1647
0:0:0:0:0:0:0:1 - - [22/May/2017:00:55:55 +0800] "GET /js/bootstrap.min.js HTTP/1.1" 200 37051
0:0:0:0:0:0:0:1 - - [22/May/2017:00:55:55 +0800] "GET /fonts/glyphicons-halflings-regular.woff2 HTTP/1.1" 200 18028
0:0:0:0:0:0:0:1 - - [22/May/2017:00:56:10 +0800] "GET /orders HTTP/1.1" 200 5232
0:0:0:0:0:0:0:1 - - [22/May/2017:00:56:10 +0800] "GET /css/bootstrap.min.css HTTP/1.1" 200 121205
0:0:0:0:0:0:0:1 - - [22/May/2017:00:56:10 +0800] "GET /app/css/bootstrap-datetimepicker.min.css HTTP/1.1" 404 155
0:0:0:0:0:0:0:1 - - [22/May/2017:00:56:10 +0800] "GET /css/dashboard.css HTTP/1.1" 200 1647
0:0:0:0:0:0:0:1 - - [22/May/2017:00:56:10 +0800] "GET /css/matrix-style.css HTTP/1.1" 200 46992
0:0:0:0:0:0:0:1 - - [22/May/2017:00:56:10 +0800] "GET /js/bootstrap.min.js HTTP/1.1" 200 37051
0:0:0:0:0:0:0:1 - - [22/May/2017:00:56:10 +0800] "GET /js/jquery.dataTables.min.js HTTP/1.1" 200 70897
0:0:0:0:0:0:0:1 - - [22/May/2017:00:56:10 +0800] "GET /js/matrix.tables.js HTTP/1.1" 200 835
0:0:0:0:0:0:0:1 - - [22/May/2017:00:56:10 +0800] "GET /js/matrix.js HTTP/1.1" 200 3805
0:0:0:0:0:0:0:1 - - [22/May/2017:00:56:10 +0800] "GET /js/bootstrap-datetimepicker.js HTTP/1.1" 200 57493
0:0:0:0:0:0:0:1 - - [22/May/2017:00:56:10 +0800] "GET /js/bootstrap-datetimepicker.zh-CN.js HTTP/1.1" 200 878
0:0:0:0:0:0:0:1 - - [22/May/2017:00:56:10 +0800] "GET /js/jquery.min.js HTTP/1.1" 404 131
0:0:0:0:0:0:0:1 - - [22/May/2017:00:56:10 +0800] "GET /js/jquery.min.js HTTP/1.1" 404 131
0:0:0:0:0:0:0:1 - - [22/May/2017:00:56:11 +0800] "GET /fonts/glyphicons-halflings-regular.woff2 HTTP/1.1" 200 18028
0:0:0:0:0:0:0:1 - - [22/May/2017:00:56:13 +0800] "GET /demands HTTP/1.1" 200 10079
0:0:0:0:0:0:0:1 - - [22/May/2017:00:56:13 +0800] "GET /css/bootstrap.min.css HTTP/1.1" 200 121205
0:0:0:0:0:0:0:1 - - [22/May/2017:00:56:13 +0800] "GET /css/matrix-style.css HTTP/1.1" 200 46992
0:0:0:0:0:0:0:1 - - [22/May/2017:00:56:13 +0800] "GET /css/dashboard.css HTTP/1.1" 200 1647
0:0:0:0:0:0:0:1 - - [22/May/2017:00:56:13 +0800] "GET /css/bootstrap-datetimepicker.min.css HTTP/1.1" 200 11242
0:0:0:0:0:0:0:1 - - [22/May/2017:00:56:13 +0800] "GET /js/bootstrap.min.js HTTP/1.1" 200 37051
0:0:0:0:0:0:0:1 - - [22/May/2017:00:56:13 +0800] "GET /fonts/glyphicons-halflings-regular.woff2 HTTP/1.1" 200 18028
0:0:0:0:0:0:0:1 - - [22/May/2017:00:56:14 +0800] "GET /demands/details/1 HTTP/1.1" 200 10925
0:0:0:0:0:0:0:1 - - [22/May/2017:00:56:14 +0800] "GET /css/matrix-style.css HTTP/1.1" 200 46992
0:0:0:0:0:0:0:1 - - [22/May/2017:00:56:14 +0800] "GET /css/bootstrap.min.css HTTP/1.1" 200 121205
0:0:0:0:0:0:0:1 - - [22/May/2017:00:56:14 +0800] "GET /js/jquery.min.js HTTP/1.1" 404 131
0:0:0:0:0:0:0:1 - - [22/May/2017:00:56:14 +0800] "GET /js/bootstrap.min.js HTTP/1.1" 200 37051
0:0:0:0:0:0:0:1 - - [22/May/2017:00:56:14 +0800] "GET /js/matrix.js HTTP/1.1" 200 3805
0:0:0:0:0:0:0:1 - - [22/May/2017:00:56:14 +0800] "GET /images/logo-lg.png HTTP/1.1" 404 133
0:0:0:0:0:0:0:1 - - [22/May/2017:00:56:14 +0800] "GET /images/breadcrumb.png HTTP/1.1" 404 136
0:0:0:0:0:0:0:1 - - [22/May/2017:00:56:14 +0800] "GET /fonts/glyphicons-halflings-regular.woff2 HTTP/1.1" 200 18028
0:0:0:0:0:0:0:1 - - [22/May/2017:00:56:33 +0800] "GET /css/matrix-style.css HTTP/1.1" 200 46992
0:0:0:0:0:0:0:1 - - [22/May/2017:00:56:33 +0800] "GET /css/bootstrap.min.css HTTP/1.1" 200 121205
0:0:0:0:0:0:0:1 - - [22/May/2017:00:56:33 +0800] "GET /css/bootstrap.min.css.map HTTP/1.1" 404 140
0:0:0:0:0:0:0:1 - - [22/May/2017:00:57:30 +0800] "GET /demands/details/1 HTTP/1.1" 200 10932
0:0:0:0:0:0:0:1 - - [22/May/2017:00:57:31 +0800] "GET /css/bootstrap.min.css HTTP/1.1" 200 121205
0:0:0:0:0:0:0:1 - - [22/May/2017:00:57:31 +0800] "GET /css/matrix-style.css HTTP/1.1" 200 46992
0:0:0:0:0:0:0:1 - - [22/May/2017:00:57:31 +0800] "GET /js/matrix.js HTTP/1.1" 200 3805
0:0:0:0:0:0:0:1 - - [22/May/2017:00:57:31 +0800] "GET /js/bootstrap.min.js HTTP/1.1" 200 37051
0:0:0:0:0:0:0:1 - - [22/May/2017:00:57:31 +0800] "GET /js/jquery-1.10.2.min.js HTTP/1.1" 200 93068
0:0:0:0:0:0:0:1 - - [22/May/2017:00:57:31 +0800] "GET /images/logo-lg.png HTTP/1.1" 404 133
0:0:0:0:0:0:0:1 - - [22/May/2017:00:57:31 +0800] "GET /fonts/glyphicons-halflings-regular.woff2 HTTP/1.1" 200 18028
0:0:0:0:0:0:0:1 - - [22/May/2017:00:57:31 +0800] "GET /images/breadcrumb.png HTTP/1.1" 404 136
0:0:0:0:0:0:0:1 - - [22/May/2017:00:57:32 +0800] "GET /css/bootstrap.min.css.map HTTP/1.1" 404 140
0:0:0:0:0:0:0:1 - - [22/May/2017:01:00:25 +0800] "GET /demands/details/1 HTTP/1.1" 200 10934
0:0:0:0:0:0:0:1 - - [22/May/2017:01:00:25 +0800] "GET /css/matrix-style.css HTTP/1.1" 200 46992
0:0:0:0:0:0:0:1 - - [22/May/2017:01:00:25 +0800] "GET /js/jquery-1.10.2.min.js HTTP/1.1" 200 93068
0:0:0:0:0:0:0:1 - - [22/May/2017:01:00:25 +0800] "GET /css/bootstrap.min.css HTTP/1.1" 200 121205
0:0:0:0:0:0:0:1 - - [22/May/2017:01:00:25 +0800] "GET /js/bootstrap.min.js HTTP/1.1" 200 37051
0:0:0:0:0:0:0:1 - - [22/May/2017:01:00:25 +0800] "GET /js/matrix.js HTTP/1.1" 200 3805
0:0:0:0:0:0:0:1 - - [22/May/2017:01:00:25 +0800] "GET /images/logo-lg.png HTTP/1.1" 404 133
0:0:0:0:0:0:0:1 - - [22/May/2017:01:00:25 +0800] "GET /images/breadcrumb.png HTTP/1.1" 200 1118
0:0:0:0:0:0:0:1 - - [22/May/2017:01:00:25 +0800] "GET /fonts/glyphicons-halflings-regular.woff2 HTTP/1.1" 200 18028
0:0:0:0:0:0:0:1 - - [22/May/2017:01:00:26 +0800] "GET /css/bootstrap.min.css.map HTTP/1.1" 404 140
0:0:0:0:0:0:0:1 - - [22/May/2017:01:00:27 +0800] "GET /images/favicon.ico HTTP/1.1" 200 1150
0:0:0:0:0:0:0:1 - - [22/May/2017:01:00:27 +0800] "GET /images/favicon.ico HTTP/1.1" 200 1150
0:0:0:0:0:0:0:1 - - [22/May/2017:01:11:10 +0800] "GET /demands/details/1 HTTP/1.1" 200 10925
0:0:0:0:0:0:0:1 - - [22/May/2017:01:11:10 +0800] "GET /css/bootstrap.min.css HTTP/1.1" 200 121205
0:0:0:0:0:0:0:1 - - [22/May/2017:01:11:10 +0800] "GET /css/matrix-style.css HTTP/1.1" 200 46992
0:0:0:0:0:0:0:1 - - [22/May/2017:01:11:10 +0800] "GET /js/matrix.js HTTP/1.1" 200 3805
0:0:0:0:0:0:0:1 - - [22/May/2017:01:11:10 +0800] "GET /js/bootstrap.min.js HTTP/1.1" 200 37051
0:0:0:0:0:0:0:1 - - [22/May/2017:01:11:10 +0800] "GET /js/jquery-1.10.2.min.js HTTP/1.1" 200 93068
0:0:0:0:0:0:0:1 - - [22/May/2017:01:11:10 +0800] "GET /images/logo-lg.png HTTP/1.1" 404 133
0:0:0:0:0:0:0:1 - - [22/May/2017:01:11:10 +0800] "GET /images/breadcrumb.png HTTP/1.1" 200 1118
0:0:0:0:0:0:0:1 - - [22/May/2017:01:11:10 +0800] "GET /fonts/glyphicons-halflings-regular.woff2 HTTP/1.1" 200 18028
0:0:0:0:0:0:0:1 - - [22/May/2017:01:11:10 +0800] "GET /images/favicon.ico HTTP/1.1" 200 1150
0:0:0:0:0:0:0:1 - - [22/May/2017:01:11:13 +0800] "GET /demands/details/1 HTTP/1.1" 200 10925
0:0:0:0:0:0:0:1 - - [22/May/2017:01:11:13 +0800] "GET /css/bootstrap.min.css HTTP/1.1" 200 121205
0:0:0:0:0:0:0:1 - - [22/May/2017:01:11:13 +0800] "GET /css/matrix-style.css HTTP/1.1" 200 46992
0:0:0:0:0:0:0:1 - - [22/May/2017:01:11:13 +0800] "GET /js/bootstrap.min.js HTTP/1.1" 200 37051
0:0:0:0:0:0:0:1 - - [22/May/2017:01:11:13 +0800] "GET /js/jquery-1.10.2.min.js HTTP/1.1" 200 93068
0:0:0:0:0:0:0:1 - - [22/May/2017:01:11:13 +0800] "GET /js/matrix.js HTTP/1.1" 200 3805
0:0:0:0:0:0:0:1 - - [22/May/2017:01:11:14 +0800] "GET /images/logo-lg.png HTTP/1.1" 404 133
0:0:0:0:0:0:0:1 - - [22/May/2017:01:11:14 +0800] "GET /fonts/glyphicons-halflings-regular.woff2 HTTP/1.1" 200 18028
0:0:0:0:0:0:0:1 - - [22/May/2017:01:11:14 +0800] "GET /images/breadcrumb.png HTTP/1.1" 200 1118
0:0:0:0:0:0:0:1 - - [22/May/2017:01:11:14 +0800] "GET /images/favicon.ico HTTP/1.1" 200 1150
0:0:0:0:0:0:0:1 - - [22/May/2017:01:11:16 +0800] "GET /demands/details/1 HTTP/1.1" 200 10934
0:0:0:0:0:0:0:1 - - [22/May/2017:01:11:17 +0800] "GET /css/bootstrap.min.css HTTP/1.1" 200 121205
0:0:0:0:0:0:0:1 - - [22/May/2017:01:11:17 +0800] "GET /js/jquery-1.10.2.min.js HTTP/1.1" 200 93068
0:0:0:0:0:0:0:1 - - [22/May/2017:01:11:17 +0800] "GET /js/matrix.js HTTP/1.1" 200 3805
0:0:0:0:0:0:0:1 - - [22/May/2017:01:11:17 +0800] "GET /js/bootstrap.min.js HTTP/1.1" 200 37051
0:0:0:0:0:0:0:1 - - [22/May/2017:01:11:17 +0800] "GET /css/matrix-style.css HTTP/1.1" 200 46992
0:0:0:0:0:0:0:1 - - [22/May/2017:01:11:17 +0800] "GET /images/breadcrumb.png HTTP/1.1" 200 1118
0:0:0:0:0:0:0:1 - - [22/May/2017:01:11:17 +0800] "GET /images/logo-lg.png HTTP/1.1" 404 133
0:0:0:0:0:0:0:1 - - [22/May/2017:01:11:17 +0800] "GET /fonts/glyphicons-halflings-regular.woff2 HTTP/1.1" 200 18028
0:0:0:0:0:0:0:1 - - [22/May/2017:01:11:17 +0800] "GET /images/favicon.ico HTTP/1.1" 200 1150
0:0:0:0:0:0:0:1 - - [22/May/2017:01:15:40 +0800] "GET /css/matrix-style.css HTTP/1.1" 200 46992
0:0:0:0:0:0:0:1 - - [22/May/2017:01:15:40 +0800] "GET /js/bootstrap.min.js HTTP/1.1" 200 37051
0:0:0:0:0:0:0:1 - - [22/May/2017:01:15:40 +0800] "GET /js/matrix.js HTTP/1.1" 200 3805
0:0:0:0:0:0:0:1 - - [22/May/2017:01:15:40 +0800] "GET /demands/details/1 HTTP/1.1" 200 11026
0:0:0:0:0:0:0:1 - - [22/May/2017:01:15:40 +0800] "GET /css/bootstrap.min.css HTTP/1.1" 200 121205
0:0:0:0:0:0:0:1 - - [22/May/2017:01:15:40 +0800] "GET /js/jquery-1.10.2.min.js HTTP/1.1" 200 93068
0:0:0:0:0:0:0:1 - - [22/May/2017:01:15:41 +0800] "GET /fonts/glyphicons-halflings-regular.woff2 HTTP/1.1" 200 18028
0:0:0:0:0:0:0:1 - - [22/May/2017:01:15:41 +0800] "GET /images/logo-lg.png HTTP/1.1" 404 133
0:0:0:0:0:0:0:1 - - [22/May/2017:01:15:41 +0800] "GET /images/breadcrumb.png HTTP/1.1" 200 1118
0:0:0:0:0:0:0:1 - - [22/May/2017:01:15:41 +0800] "GET /images/favicon.ico HTTP/1.1" 200 1150
0:0:0:0:0:0:0:1 - - [22/May/2017:01:17:03 +0800] "GET /demands/details/1 HTTP/1.1" 500 384
0:0:0:0:0:0:0:1 - - [22/May/2017:01:17:03 +0800] "GET /favicon.ico HTTP/1.1" 200 946
0:0:0:0:0:0:0:1 - - [22/May/2017:01:17:35 +0800] "GET /demands/details/1 HTTP/1.1" 200 11095
0:0:0:0:0:0:0:1 - - [22/May/2017:01:17:35 +0800] "GET /css/matrix-style.css HTTP/1.1" 200 46992
0:0:0:0:0:0:0:1 - - [22/May/2017:01:17:35 +0800] "GET /js/jquery-1.10.2.min.js HTTP/1.1" 200 93068
0:0:0:0:0:0:0:1 - - [22/May/2017:01:17:35 +0800] "GET /js/bootstrap.min.js HTTP/1.1" 200 37051
0:0:0:0:0:0:0:1 - - [22/May/2017:01:17:35 +0800] "GET /js/matrix.js HTTP/1.1" 200 3805
0:0:0:0:0:0:0:1 - - [22/May/2017:01:17:35 +0800] "GET /css/bootstrap.min.css HTTP/1.1" 200 121205
0:0:0:0:0:0:0:1 - - [22/May/2017:01:17:36 +0800] "GET /images/breadcrumb.png HTTP/1.1" 200 1118
0:0:0:0:0:0:0:1 - - [22/May/2017:01:17:36 +0800] "GET /images/logo-lg.png HTTP/1.1" 404 133
0:0:0:0:0:0:0:1 - - [22/May/2017:01:17:36 +0800] "GET /fonts/glyphicons-halflings-regular.woff2 HTTP/1.1" 200 18028
0:0:0:0:0:0:0:1 - - [22/May/2017:01:17:36 +0800] "GET /images/favicon.ico HTTP/1.1" 200 1150
0:0:0:0:0:0:0:1 - - [22/May/2017:01:17:54 +0800] "GET /orders HTTP/1.1" 200 5238
0:0:0:0:0:0:0:1 - - [22/May/2017:01:17:55 +0800] "GET /css/matrix-style.css HTTP/1.1" 200 46992
0:0:0:0:0:0:0:1 - - [22/May/2017:01:17:55 +0800] "GET /css/bootstrap.min.css HTTP/1.1" 200 121205
0:0:0:0:0:0:0:1 - - [22/May/2017:01:17:55 +0800] "GET /app/css/bootstrap-datetimepicker.min.css HTTP/1.1" 404 155
0:0:0:0:0:0:0:1 - - [22/May/2017:01:17:55 +0800] "GET /css/dashboard.css HTTP/1.1" 200 1647
0:0:0:0:0:0:0:1 - - [22/May/2017:01:17:55 +0800] "GET /js/bootstrap.min.js HTTP/1.1" 200 37051
0:0:0:0:0:0:0:1 - - [22/May/2017:01:17:55 +0800] "GET /js/jquery.min.js HTTP/1.1" 404 131
0:0:0:0:0:0:0:1 - - [22/May/2017:01:17:55 +0800] "GET /js/matrix.tables.js HTTP/1.1" 200 835
0:0:0:0:0:0:0:1 - - [22/May/2017:01:17:55 +0800] "GET /js/matrix.js HTTP/1.1" 200 3805
0:0:0:0:0:0:0:1 - - [22/May/2017:01:17:55 +0800] "GET /js/bootstrap-datetimepicker.zh-CN.js HTTP/1.1" 200 878
0:0:0:0:0:0:0:1 - - [22/May/2017:01:17:55 +0800] "GET /js/bootstrap-datetimepicker.js HTTP/1.1" 200 57493
0:0:0:0:0:0:0:1 - - [22/May/2017:01:17:55 +0800] "GET /js/jquery.dataTables.min.js HTTP/1.1" 200 70897
0:0:0:0:0:0:0:1 - - [22/May/2017:01:17:55 +0800] "GET /fonts/glyphicons-halflings-regular.woff2 HTTP/1.1" 200 18028
0:0:0:0:0:0:0:1 - - [22/May/2017:01:18:26 +0800] "GET /demands HTTP/1.1" 200 10085
0:0:0:0:0:0:0:1 - - [22/May/2017:01:18:26 +0800] "GET /css/bootstrap.min.css HTTP/1.1" 200 121205
0:0:0:0:0:0:0:1 - - [22/May/2017:01:18:26 +0800] "GET /js/bootstrap.min.js HTTP/1.1" 200 37051
0:0:0:0:0:0:0:1 - - [22/May/2017:01:18:26 +0800] "GET /css/dashboard.css HTTP/1.1" 200 1647
0:0:0:0:0:0:0:1 - - [22/May/2017:01:18:26 +0800] "GET /css/bootstrap-datetimepicker.min.css HTTP/1.1" 200 11242
0:0:0:0:0:0:0:1 - - [22/May/2017:01:18:26 +0800] "GET /css/matrix-style.css HTTP/1.1" 200 46992
0:0:0:0:0:0:0:1 - - [22/May/2017:01:18:26 +0800] "GET /fonts/glyphicons-halflings-regular.woff2 HTTP/1.1" 200 18028
0:0:0:0:0:0:0:1 - - [22/May/2017:01:18:28 +0800] "GET /css/bootstrap.min.css HTTP/1.1" 200 121205
0:0:0:0:0:0:0:1 - - [22/May/2017:01:18:28 +0800] "GET /css/matrix-style.css HTTP/1.1" 200 46992
