0:0:0:0:0:0:0:1 - - [24/May/2017:00:25:27 +0800] "GET /users HTTP/1.1" 500 384
0:0:0:0:0:0:0:1 - - [24/May/2017:00:25:27 +0800] "GET /favicon.ico HTTP/1.1" 200 946
0:0:0:0:0:0:0:1 - - [24/May/2017:00:25:44 +0800] "GET /users HTTP/1.1" 200 7351
0:0:0:0:0:0:0:1 - - [24/May/2017:00:25:44 +0800] "GET /css/bootstrap.min.css HTTP/1.1" 200 121205
0:0:0:0:0:0:0:1 - - [24/May/2017:00:25:44 +0800] "GET /css/dashboard.css HTTP/1.1" 200 1650
0:0:0:0:0:0:0:1 - - [24/May/2017:00:25:44 +0800] "GET /css/bootstrap-datetimepicker.min.css HTTP/1.1" 200 11242
0:0:0:0:0:0:0:1 - - [24/May/2017:00:25:44 +0800] "GET /css/matrix-style.css HTTP/1.1" 200 46947
0:0:0:0:0:0:0:1 - - [24/May/2017:00:25:44 +0800] "GET /js/bootstrap.min.js HTTP/1.1" 200 37051
0:0:0:0:0:0:0:1 - - [24/May/2017:00:25:45 +0800] "GET /fonts/glyphicons-halflings-regular.woff2 HTTP/1.1" 200 18028
0:0:0:0:0:0:0:1 - - [24/May/2017:00:25:45 +0800] "GET /images/favicon.ico HTTP/1.1" 200 1150
0:0:0:0:0:0:0:1 - - [24/May/2017:00:27:43 +0800] "GET /users HTTP/1.1" 404 306
0:0:0:0:0:0:0:1 - - [24/May/2017:00:27:44 +0800] "GET /favicon.ico HTTP/1.1" 200 946
0:0:0:0:0:0:0:1 - - [24/May/2017:00:27:46 +0800] "GET /users HTTP/1.1" 404 306
0:0:0:0:0:0:0:1 - - [24/May/2017:00:27:46 +0800] "GET /favicon.ico HTTP/1.1" 200 946
0:0:0:0:0:0:0:1 - - [24/May/2017:00:28:06 +0800] "GET /users HTTP/1.1" 404 306
0:0:0:0:0:0:0:1 - - [24/May/2017:00:28:06 +0800] "GET /favicon.ico HTTP/1.1" 200 946
0:0:0:0:0:0:0:1 - - [24/May/2017:00:28:15 +0800] "GET /users HTTP/1.1" 404 306
0:0:0:0:0:0:0:1 - - [24/May/2017:00:28:15 +0800] "GET /favicon.ico HTTP/1.1" 200 946
0:0:0:0:0:0:0:1 - - [24/May/2017:00:28:16 +0800] "GET /users HTTP/1.1" 404 306
0:0:0:0:0:0:0:1 - - [24/May/2017:00:28:16 +0800] "GET /favicon.ico HTTP/1.1" 200 946
